13 161
28 327
72 191
91 175
92 921
95 247
249 764
287 617
373 640
439 134
442 571
658 141
715 250
757 256
799 185

438 301
437 298
436 296
433 293
430 290
429 288
427 288
426 289
426 288
425 287
423 284
421 276
421 281
421 279
419 274
417 274
417 275
416 269
416 269
415 268
414 268
413 267
412 266
412 266
411 265
410 264
409 264
409 263
408 262
407 262
406 261
406 259
405 258
405 257
404 257
404 256
404 255
403 254
403 254
403 253
403 252
402 252
402 251
402 250
401 249
401 249
401 248
400 247
400 247
400 246
400 245
399 245
399 244
399 243
398 242
398 242
398 241
398 240
397 240
397 239
397 238
396 238
396 237
396 236
395 235
395 235
395 234
395 233
394 233
394 232
394 231
393 231
393 230
393 229
393 228
392 228
392 227
390 224
388 222
386 219
386 221
387 223
387 225
387 227
387 227
387 227
386 227
386 227
386 227
386 227
386 227
386 226
386 225
387 224
387 223
388 221
387 221
387 221
387 220
387 220
387 220
387 220
387 220
387 219
387 219
387 219
387 219
387 218
386 218
386 218
385 217
385 217
385 216
385 215
385 214
385 215
385 215
385 215
385 215
385 214
385 214
385 214
384 214
384 214
384 215
385 214
384 214
384 213
384 211
384 210
384 208
384 207
385 205
385 204
385 202
385 201
385 199
385 198
385 196
386 195
386 193
386 192
386 190
386 189
386 187
386 186
387 185
386 184
386 184
386 184
386 184
386 184
386 184
386 184
385 183
385 183
385 183
385 183
385 183
385 183
384 182
281 177
281 177
281 176
281 177
281 177
281 177
281 177
281 177
281 176
282 175
282 174
282 174
282 173
282 174
282 173
283 173
283 172
283 173
283 172
283 172
283 172
283 171
284 171
283 171
283 171
284 169
284 168
284 168
284 167
284 166
284 166
284 166
284 165
284 166
284 166
284 166
283 165
283 165
283 164
283 164
283 163
283 163
283 162
283 162
283 161
283 160
283 159
283 159
283 159
283 158
283 158
283 158
283 157
283 157
283 157
283 156
283 156
284 156
284 156
284 155
284 154
283 154
284 154
284 153
284 152
283 151
284 150
284 150
284 151
283 151
283 152
283 151
283 151
283 151
283 150
283 150
283 150
283 149
283 148
283 148
284 148
284 147
283 148
283 148
283 148
283 148
283 148
283 147
283 147
284 147
284 146
284 145
284 146
284 145
284 144
284 145
284 144
284 144
284 143
285 144
285 142
285 142
285 142
285 142
285 143
286 144
286 143
285 143
285 142
285 142
286 143
286 142
286 141
286 142
286 141
286 140
287 140
287 140
286 140
286 140
287 139
287 139
287 139
287 140
287 140
287 139
288 139
287 137
288 138
288 137
288 137
288 136
288 136
288 136
288 136
288 135
288 135
288 135
288 134
288 135
288 136
288 135
288 135
288 135
288 134
288 134
288 135
288 135
288 134
288 134
288 134
288 134
288 133
289 133
289 132
289 132
288 133
288 133
288 132
288 132
288 131
288 131
288 131
289 131
288 131
289 130
289 131
289 130
288 130
288 130
288 129
288 129
288 129
288 129
288 129
289 129
288 128
288 129
288 128
288 129
288 127
288 128
288 128
288 128
288 127
287 127
288 127
288 126
288 126
287 127
287 126
287 126
287 126
288 126
288 126
288 125
288 125
288 125
288 125
288 125
288 125
288 124
288 124
288 124
288 123
288 123
288 122
288 122
288 122
288 121
288 121
288 121
288 121
288 121
288 121
288 120
288 120
288 120
288 120
289 120
289 120
289 120
289 120
289 119
289 119
289 119
289 119
289 119
289 119
289 119
289 119
289 118
289 118
290 118
290 118
290 118
290 118
290 118
290 118
290 117
290 117
290 117
290 117
290 117
290 117
290 117
290 117
291 116
291 116
291 116
291 116
291 116
291 116
291 116
291 116
291 115
291 115
291 115
291 115
291 115
292 115
292 115
292 115
292 114
292 114
292 114
292 114
292 114
292 114
292 114
292 114
292 113
293 114
293 114
293 113
293 113
293 112
293 112
293 113
293 113
293 113
294 114
294 113
294 114
294 113
294 113
294 112
294 111
294 111
294 112
295 111
294 111
295 111
295 111
295 110
295 112
296 111
296 111
296 111
296 111
296 111
296 111
296 111
296 111
297 111
297 110
297 111
297 111
297 111
298 111
298 110
298 111
298 111
298 111
298 111
298 111
298 111
298 111
298 110
298 110
299 111
299 110
299 110
299 111
299 111
299 110
299 110
321 105
322 106
322 106
321 105
321 105
322 104
321 104
322 104
322 104
322 104
321 104
321 104
322 104
321 104
322 104
322 104
321 104
321 105
321 104
321 105
322 105
322 104
321 104
322 104
322 104
322 104
322 105
321 105
322 105
321 105
322 104
322 104
323 104
322 104
322 104
322 105
322 105
322 104
322 105
321 105
322 105
321 106
321 105
321 106
321 105
321 105
321 107
321 106
321 107
321 107
321 106
321 107
321 106
321 106
321 107
321 107
321 107
321 107
321 107
321 106
322 107
322 106
321 106
322 106
322 106
322 107
322 107
321 107
322 106
322 107
319 107
319 108
321 107
319 107
319 107
323 106
319 106
319 107
322 106
322 106
322 106
322 106
321 107
321 106
320 106
319 106
322 106
322 106
322 105
322 106
320 106
323 106
320 106
322 106
322 106
322 106
323 106
323 106
319 107
319 107
319 107
319 107
319 108
319 108
319 107
318 108
319 107
319 107
323 105
323 105
323 106
323 106
323 106
323 106
323 106
323 106
323 106
322 106
322 106
322 106
323 106
323 106
323 106
324 105
323 106
323 107
323 106
324 105
324 106
324 106
324 106
321 107
319 107
320 107
321 107
321 106
322 106
323 106
324 105
324 106
323 107
323 107
323 107
322 107
322 107
321 107
321 108
321 108
320 108
320 108
320 108
319 108
319 108
319 108
321 107
323 106
323 107
320 109
319 108
319 109
320 107
319 107
319 108
320 107
319 108
320 108
320 108
320 108
321 107
320 107
320 108
320 108
320 108
320 108
320 108
321 108
323 99
323 99
323 99
323 99
323 99
323 99
323 99
322 99
322 99
322 99
322 98
322 98
322 98
322 98
322 97
364 105
364 106
364 106
363 106
363 106
362 106
362 105
362 105
361 105
361 105
360 105
360 105
359 105
359 105
359 105
358 105
358 104
357 104
357 104
357 104
356 104
356 104
355 104
355 104
354 104
354 104
354 103
353 103
353 103
352 103
352 103
352 103
351 103
351 103
350 103
350 103
350 102
349 102
349 102
348 102
348 102
347 102
347 102
347 102
346 102
346 102
345 101
345 101
345 101
344 101
344 101
343 101
343 101
343 101
343 101
343 101
343 101
343 101
343 101
343 101
343 101
343 101
343 101
343 101
343 101
343 101
343 101
343 101
343 101
343 101
343 101
343 101
343 101
343 101
343 101
343 101
343 101
343 101
343 101
343 101
343 100
343 101
343 101
343 100
343 100
343 100
343 100
343 100
343 100
343 100
343 100
343 100
343 100
343 100
343 100
343 100
343 100
343 100
343 100
343 100
343 100
343 100
343 100
343 100
343 100
343 100
343 100
343 100
343 100
343 100
343 100
343 100
343 100
343 100
343 100
343 100
343 100
343 100
343 100
343 100
343 100
343 99
343 99
343 99
343 99
343 99
343 99
343 99
343 99
343 98
344 98
344 97
344 97
344 98
344 97
344 97
344 97
344 97
344 97
344 98
344 98
344 98
344 97
344 97
344 97
344 97
344 97
344 97
344 98
344 98
344 98
344 97
344 98
344 97
344 97
344 97
344 97
344 97
344 97
344 97
344 97
344 97
344 97
344 97
344 97
344 97
344 97
344 97
344 97
344 97
344 97
344 97
344 96
343 96
343 96
421 204
421 204
421 204
421 204
421 205
421 206
421 206
421 206
421 206
422 207
422 207
423 207
423 207
423 207
423 207
424 208
424 208
424 208
425 208
425 209
425 209
426 209
426 209
426 209
427 209
427 209
427 209
428 210
428 210
428 210
428 211
428 211
428 211
428 211
428 211
429 212
429 212
429 213
429 214
429 214
429 215
429 215
429 216
429 216
429 217
429 217
429 218
429 219
428 219
429 221
429 221
429 220
429 221
429 221
429 220
429 221
429 220
429 221
428 221
429 221
428 222
428 222
429 222
429 223
429 223
430 223
430 222
430 223
430 224
430 224
430 225
430 224
430 224
431 225
431 226
430 225
431 227
432 225
433 224
434 225
434 225
437 223
438 221
438 222
438 222
439 228
438 224
438 224
438 224
438 225
437 226
438 224
438 225
438 226
439 228
438 230
438 230
438 232
438 233
438 231
439 236
439 233
439 237
440 237
439 238
439 234
440 240
440 235
440 240
440 235
440 241
440 241
439 243
439 239
439 240
439 241
439 241
439 241
439 242
438 242
439 241
439 240
438 240
439 239
438 240
438 239
438 237
438 238
438 237
437 237
437 237
437 237
436 237
436 235
436 236
435 235
435 234
435 235
435 234
434 235
434 235
434 234
434 234
433 234
433 234
433 234
433 234
432 234
433 233
433 233
432 233
432 233
432 232
432 232
432 232
432 233
432 233
432 232
432 232
432 232
432 232
433 231
433 231
433 231
433 231
433 231
433 230
433 229
434 228
434 227
434 228
434 227
434 226
434 225
435 225
435 227
434 225
434 224
434 225
434 226
434 225
434 224
434 224
434 224
434 224
434 224
434 224
434 224
434 224
434 224
434 223
434 223
434 222
434 221
433 222
433 222
433 221
433 221
433 221
432 219
432 220
432 220
432 218
431 218
431 218
431 217
431 217
430 218
430 218
430 218
430 217
430 218
430 218
429 217
429 218
429 218
429 218
429 218
429 218
429 218
429 218
428 218
428 219
428 219
429 218
428 218
428 218
428 219
428 219
429 219
429 219
429 219
428 219
428 219
428 220
429 220
428 219
428 219
429 220
428 220
428 220
429 219
429 219
429 219
429 220
429 219
428 219
428 219
429 219
429 220
428 219
429 219
429 219
429 219
429 219
429 219
429 219
429 219
428 219
429 219
429 219
429 220
429 220
429 219
429 219
429 219
429 218
429 218
428 219
429 220
429 219
429 219
429 219
429 219
429 220
429 219
429 220
429 219
428 219
428 219
429 219
429 219
429 219
428 219
428 219
428 220
429 221
429 220
429 220
429 220
429 220
428 219
428 219
429 220
429 219
428 219
428 219
428 220
428 219
428 219
428 219
428 219
428 220
428 220
428 220
428 220
428 220
428 220
428 220
428 221
428 220
428 219
428 220
428 220
428 220
428 220
428 220
428 220
428 219
428 220
428 219
428 219
428 219
428 220
428 219
428 220
428 220
428 219
428 220
428 220
428 220
428 220
428 221
428 220
428 220
428 221
428 220
428 220
428 220
428 221
428 221
428 221
428 221
428 221
428 221
428 221
428 221
428 221
428 221
428 219
428 220
428 219
428 220
428 218
428 219
428 219
428 218
428 218
429 217
428 218
428 218
428 217
428 216
428 216
429 216
429 216
429 215
429 215
430 215
430 215
430 214
430 214
430 215
430 214
430 214
430 213
430 212
430 211
430 211
430 211
430 210
430 210
430 210
431 210
431 209
430 210
431 210
431 210
431 210
430 210
431 211
431 211
430 212
431 210
431 211
430 211
430 211
430 212
431 211
430 211
430 211
430 210
430 211
430 211
430 210
429 210
429 210
426 223
426 224
425 223
425 222
428 209
425 221
424 221
424 221
423 222
424 221
423 221
423 222
423 222
422 222
423 222
423 220
423 221
423 221
422 222
422 223
421 223
422 222
420 227
419 229
418 229
417 230
416 231
415 231
415 230
414 231
413 231
413 232
412 233
411 233
412 234
410 235
410 235
411 234
411 234
411 234
411 234
411 234
411 234
411 234
411 234
411 234
411 234
411 235
411 236
411 236
410 236
410 236
410 236
410 235
411 235
410 236
411 235
411 235
411 235
411 234
411 235
411 234
411 234
411 234
411 233
411 233
410 234
410 234
409 233
409 233
409 233
409 233
410 232
410 233
410 232
410 232
410 232
410 232
409 232
409 232
410 233
410 233
410 233
410 232
410 233
410 233
410 233
410 233
410 234
410 234
410 233
410 233
410 233
410 233
410 233
410 233
410 233
410 233
410 234
410 234
409 234
409 234
409 233
409 234
410 233
410 233
410 233
410 233
409 232
409 232
410 233
410 233
410 233
409 232
410 233
410 233
410 233
410 233
410 233
410 233
410 233
410 233
410 233
410 233
410 233
410 233
410 233
409 233
409 233
409 233
410 233
409 233
409 233
409 233
409 234
409 233
409 233
409 233
409 233
409 233
409 234
409 233
409 234
409 234
409 234
409 233
409 234
409 233
409 233
409 233
409 234
409 234
409 234
409 233
409 233
409 233
409 233
409 234
409 234
409 234
409 234
409 234
409 234
408 235
409 235
409 235
409 234
410 233
410 232
410 231
411 231
411 230
410 231
411 230
411 229
410 230
410 230
409 232
410 231
409 231
409 232
409 231
409 231
409 231
409 231
409 231
409 231
409 230
410 230
410 230
410 230
409 230
409 230
410 230
409 231
410 230
409 231
409 231
410 231
410 230
410 229
410 230
411 229
410 229
410 229
410 230
411 230
411 230
411 230
411 231
411 231
411 231
412 231
412 230
412 231
412 231
413 231
412 231
413 231
413 230
413 230
413 229
413 229
413 229
413 230
412 230
412 230
412 230
411 231
412 230
412 230
412 230
412 229
411 230
411 229
411 227
410 227
411 224
411 223
411 221
411 220
411 219
411 218
411 218
411 219
410 217
410 218
410 218
409 218
409 218
409 218
409 220
408 219
408 219
408 220
408 220
408 220
408 220
408 220
408 220
408 219
408 219
408 218
408 218
409 218
409 217
409 217
409 217
409 217
409 216
409 215
409 216
409 215
409 215
409 216
409 215
409 214
409 214
409 214
409 214
409 214
410 214
410 213
409 212
410 213
410 214
409 213
410 214
409 214
410 213
409 212
409 212
409 212
409 212
409 209
409 210
408 209
409 209
409 208
409 208
409 207
409 207
409 207
409 207
408 206
409 206
408 206
409 207
409 206
409 207
409 207
409 206
409 206
409 206
408 206
409 205
409 204
409 204
408 204
408 203
409 203
409 203
410 202
410 202
411 202
411 202
412 201
412 201
413 201
413 201
413 200
414 200
414 200
415 200
415 199
416 199
416 199
417 199
417 198
418 198
418 198
419 198
419 197
419 197
420 197
420 197
421 196
421 196
422 196
422 196
423 195
423 195
424 195
424 195
424 194
425 194
425 194
426 194
426 193
427 193
427 193
427 193
427 193
427 194
427 194
427 194
427 195
428 196
427 197
427 197
427 198
427 198
427 198
427 198
427 197
427 197
427 197
427 197
427 197
428 197
428 196
428 197
428 197
428 197
428 197
429 197
429 197
429 198
429 198
430 198
430 198
430 198
430 198
430 199
431 199
431 199
431 199
431 199
431 199
431 199
432 200
432 199
432 200
433 200
433 200
433 200
434 200
434 199
434 199
434 198
435 199
435 199
435 200
435 200
435 200
435 200
435 200
435 201
434 201
434 202
434 204
434 204
434 204
434 204
434 205
433 205
433 205
432 205
432 205
432 205
431 206
431 206
431 206
430 206
430 207
430 206
430 207
430 208
430 207
426 201
426 201
429 208
429 208
429 208
429 209
428 209
428 210
427 207
429 210
429 211
427 207
429 212
428 210
429 213
429 214
428 211
428 211
428 213
429 214
429 213
429 215
429 215
429 216
429 215
428 213
429 212
429 212
429 212
429 212
429 212
429 213
429 214
429 215
429 214
429 216
429 217
429 217
428 217
428 217
428 217
428 218
428 219
428 220
428 221
428 222
427 222
427 223
427 222
426 221
426 220
426 222
426 220
426 223
425 221
425 222
425 224
425 222
424 225
424 223
424 224
425 227
424 224
424 224
424 223
424 227
424 223
424 224
424 224
424 229
424 229
424 222
424 229
424 229
424 229
371 238
371 238
371 238
370 238
371 237
370 237
370 238
370 237
370 235
370 234
370 233
369 232
369 231
369 230
369 229
369 228
369 227
369 225
369 225
369 225
369 224
369 224
369 224
369 223
369 222
369 221
369 221
368 221
368 221
368 220
368 218
368 216
368 216
368 216
368 215
367 215
367 215
367 215
366 215
366 216
366 214
366 214
366 213
366 213
365 212
365 212
365 210
365 209
364 208
364 207
364 207
364 206
364 205
364 206
364 205
364 204
364 205
364 204
364 203
364 204
364 202
363 202
363 201
362 201
362 200
361 200
360 200
360 198
360 198
360 197
360 197
360 196
361 195
361 196
361 195
361 195
360 196
360 195
360 195
359 195
359 195
359 194
359 195
359 193
358 193
358 191
358 191
358 191
357 191
357 191
357 191
356 190
356 191
356 191
355 191
355 190
355 188
354 189
353 188
353 188
352 188
352 188
352 187
351 187
352 186
351 187
351 186
351 185
346 172
350 184
345 170
345 170
345 170
344 170
344 170
348 184
348 184
344 169
344 169
344 168
344 169
343 168
344 170
344 169
343 169
343 168
342 168
342 168
342 170
345 179
345 180
341 170
344 179
344 180
344 179
343 179
343 179
342 179
342 179
342 179
342 178
341 178
341 179
341 178
338 172
341 178
341 178
342 179
341 180
341 175
339 173
341 180
341 179
341 179
341 180
339 172
339 173
342 180
342 180
342 180
342 179
342 180
341 175
343 180
340 170
343 179
343 178
343 177
342 172
340 166
344 178
344 178
340 163
344 177
340 163
343 178
344 178
344 178
340 163
344 177
345 178
346 177
346 177
346 177
346 177
347 176
348 176
348 176
349 176
349 176
349 176
349 176
349 176
349 176
349 177
349 177
349 177
349 177
349 178
349 178
349 178
349 179
349 179
349 179
349 179
349 180
349 180
349 180
349 180
349 181
349 181
349 181
349 181
349 182
349 182
349 182
349 183
349 183
349 183
349 183
349 184
349 184
349 184
349 184
349 185
349 185
349 185
349 186
349 186
349 186
349 186
349 187
349 187
349 187
349 187
349 188
349 188
349 188
349 189
349 189
349 189
349 189
349 190
349 190
349 190
349 190
349 191
320 108
320 108
320 108
320 108
320 108
320 108
320 108
320 109
320 109
319 110
319 110
319 110
319 110
319 109
320 109
320 108
320 108
320 108
320 109
320 109
320 109
320 108
320 109
320 109
320 109
320 109
320 108
320 107
320 107
320 108
320 107
320 108
320 107
320 108
320 107
320 108
320 108
320 107
320 107
320 107
320 107
320 107
320 108
320 107
320 107
320 107
320 107
324 105
320 107
323 106
323 105
323 105
320 107
320 108
320 107
319 108
323 105
320 107
320 108
320 108
320 108
320 107
320 108
319 108
320 107
319 108
319 108
320 108
319 108
320 108
320 109
319 109
323 107
319 109
319 109
319 109
319 109
319 109
319 110
319 111
319 110
319 111
319 111
319 111
319 111
319 111
319 112
319 112
319 111
319 113
319 113
319 113
319 113
319 113
319 112
311 111
319 113
319 113
319 114
319 114
319 115
319 114
319 114
319 114
319 113
319 113
319 112
319 113
319 113
320 113
320 113
319 113
312 112
319 113
319 114
319 114
312 113
313 113
313 113
319 114
319 114
319 115
319 114
319 115
319 114
319 115
313 112
319 114
319 114
319 115
319 115
319 114
319 115
319 113
319 113
314 112
314 111
319 111
315 110
315 111
314 110
318 113
315 111
319 113
315 112
315 111
315 111
319 113
315 110
319 112
319 111
314 110
314 110
319 112
314 110
320 113
319 112
320 113
315 109
320 111
315 109
316 109
315 109
316 110
316 110
316 110
316 109
318 111
320 112
320 113
324 109
324 109
319 112
319 113
319 112
319 112
319 112
319 112
319 111
319 111
319 111
319 110
319 110
319 110
319 110
319 110
319 110
319 110
319 110
319 110
318 109
318 109
318 109
318 109
318 109
318 108
318 108
317 108
317 108
317 108
317 107
316 108
316 107
316 108
316 107
316 108
316 108
317 107
316 107
317 108
317 108
317 108
317 108
317 108
317 109
317 108
317 108
317 108
317 108
317 109
317 108
317 108
318 108
317 108
317 109
317 108
317 109
318 108
318 108
318 108
318 108
320 107
318 108
318 108
318 108
318 107
318 108
318 108
318 108
318 108
318 108
318 108
318 109
318 109
321 107
318 109
321 107
322 106
318 108
318 108
318 108
318 108
318 107
321 105
321 106
321 106
318 108
318 108
318 107
318 107
321 105
318 108
322 105
318 107
318 107
318 107
318 107
318 107
318 107
321 106
318 108
318 108
318 107
318 108
318 108
318 108
319 108
319 108
319 107
319 108
318 108
318 108
318 108
318 108
318 109
318 108
318 108
318 109
318 109
318 109
318 108
318 108
318 107
318 108
318 108
318 108
318 107
318 108
318 108
318 107
318 108
318 108
318 108
318 108
318 108
318 108
318 107
318 108
318 107
318 108
318 109
318 108
318 108
318 107
318 106
318 107
318 107
318 107
318 108
318 107
318 107
318 108
318 108
318 107
318 107
318 108
319 107
318 108
318 108
319 108
318 108
318 108
318 108
318 108
318 108
318 108
318 107
318 107
318 108
318 108
319 108
319 106
318 107
319 107
319 107
318 106
318 106
319 106
319 107
319 106
319 106
319 106
320 106
319 106
319 107
319 106
323 104
319 106
319 108
319 107
319 108
319 107
319 108
321 107
322 106
321 106
319 107
319 107
319 107
319 107
318 107
319 107
319 108
319 107
319 108
319 107
319 107
319 107
318 106
319 107
318 106
318 107
318 107
319 106
319 106
319 106
319 107
319 107
318 108
318 107
319 107
319 107
318 107
322 105
319 106
319 107
322 105
323 105
322 105
318 107
318 107
318 107
319 108
319 108
319 108
319 108
319 108
319 108
319 108
319 107
319 108
319 108
318 109
318 109
319 109
318 108
318 108
319 107
319 106
320 105
320 105
320 104
320 104
320 104
320 104
326 102
320 103
320 106
320 106
319 106
319 107
319 107
319 106
319 106
320 106
320 106
320 106
319 105
320 105
320 105
320 105
320 105
320 105
320 106
320 106
320 105
320 104
320 104
320 104
320 103
320 103
320 103
321 102
320 102
320 102
320 101
320 102
320 101
320 102
320 102
325 98
320 101
320 101
320 101
320 101
320 101
320 101
320 101
320 101
325 99
320 102
320 102
320 102
320 102
320 101
320 101
320 102
320 102
320 101
320 102
320 101
320 101
320 100
320 100
320 100
320 100
320 100
321 98
320 99
321 96
322 95
322 94
322 95
322 94
322 95
321 94
321 94
321 94
321 95
322 95
321 95
321 96
321 95
321 96
321 97
321 98
320 98
320 98
320 98
321 99
321 99
321 98
321 98
321 98
321 99
321 99
321 98
321 99
321 98
321 98
321 98
321 98
321 98
321 98
321 97
321 98
321 98
321 98
321 99
321 99
321 99
321 99
321 99
321 98
321 98
321 98
321 98
321 99
321 98
321 99
321 98
321 98
321 98
321 97
321 98
321 98
321 98
321 98
321 98
321 98
321 98
321 98
321 98
321 99
320 99
320 99
321 99
321 98
321 99
321 99
321 100
321 99
320 100
320 100
320 100
320 100
320 100
320 102
320 101
320 101
320 101
320 101
319 101
319 102
320 102
319 102
319 102
319 102
320 102
320 102
320 102
319 103
319 103
319 102
319 102
319 102
319 102
319 101
319 102
320 101
320 102
320 101
319 101
319 101
319 101
319 100
320 101
320 101
319 101
319 101
320 100
320 100
320 101
320 101
320 101
320 101
320 100
320 101
320 100
320 100
320 101
320 101
320 101
320 101
320 101
320 101
320 101
320 101
320 100
320 100
320 100
320 99
320 100
320 100
320 100
320 101
320 101
320 101
320 100
320 100
320 101
320 100
320 101
320 101
320 102
320 102
320 102
320 102
320 102
320 101
320 102
320 102
320 102
320 102
320 101
320 101
321 100
320 100
321 101
321 100
327 97
321 101
321 100
321 99
321 100
321 100
321 100
321 100
321 100
322 100
321 101
321 101
328 97
321 101
321 101
321 101
322 102
322 102
322 102
322 102
322 102
322 102
322 103
325 98
322 101
321 102
321 101
322 101
321 100
322 100
322 101
322 100
322 100
322 100
321 101
321 101
326 98
331 95
322 100
331 94
322 100
322 100
322 100
322 101
332 95
333 93
332 94
322 100
322 99
322 99
322 99
322 99
322 101
322 101
322 101
322 101
322 101
321 101
322 100
322 100
322 99
322 100
322 100
322 100
322 100
322 100
322 99
322 100
322 100
322 100
322 101
322 100
322 100
322 100
322 100
322 100
322 100
322 100
322 100
322 100
322 100
322 100
322 100
322 100
322 99
322 99
322 99
322 100
322 100
322 99
322 99
322 99
322 99
322 98
322 99
322 99
322 99
322 99
322 99
322 100
322 100
322 99
322 100
322 100
322 99
322 100
322 100
322 99
322 99
322 98
322 99
323 99
323 99
323 99
356 216
356 218
355 218
355 216
355 218
355 218
355 221
355 221
355 223
356 225
356 224
355 225
355 224
355 224
354 224
355 224
354 225
354 224
354 224
354 222
354 222
354 222
354 221
353 220
353 218
354 219
354 221
354 219
354 220
354 220
354 220
354 219
354 218
354 218
354 218
354 217
354 218
354 217
354 218
354 217
354 217
354 216
354 215
354 214
354 212
353 211
353 210
353 209
353 208
354 208
354 206
354 206
354 206
354 205
354 204
354 204
354 202
355 203
355 203
356 202
357 201
356 200
357 201
357 201
358 198
358 198
358 197
358 195
358 194
358 194
358 195
358 194
358 193
358 193
358 192
358 192
359 190
359 192
359 190
359 189
359 188
359 187
360 189
360 187
359 187
359 185
358 185
358 184
358 186
357 184
358 185
358 185
357 184
358 184
358 184
357 182
358 182
358 181
358 181
358 180
357 180
357 179
357 179
357 179
356 178
356 178
356 179
356 180
356 179
356 180
356 180
356 179
356 179
356 178
356 179
356 178
356 177
356 177
356 176
355 177
355 177
355 177
355 177
355 177
355 177
355 176
356 176
355 174
356 176
356 175
356 174
356 175
356 174
356 173
355 173
355 173
355 173
354 172
354 172
355 172
355 172
356 171
356 171
356 171
356 171
356 171
356 171
356 170
356 169
356 169
356 170
356 170
356 169
356 169
356 169
344 175
344 175
355 170
344 174
355 170
344 175
344 175
343 175
344 175
343 175
344 175
344 176
344 175
343 176
343 176
343 175
344 175
343 175
343 175
343 175
343 175
343 175
343 175
343 175
343 175
343 174
343 175
343 175
343 175
344 175
343 175
343 175
343 175
343 174
343 175
343 175
343 175
343 176
343 175
343 175
343 175
343 171
343 175
343 176
344 176
344 176
344 175
344 175
344 175
344 175
344 175
344 175
345 175
345 175
345 175
345 175
345 175
345 175
345 175
345 175
345 175
345 175
345 175
345 175
345 175
345 175
345 175
345 175
345 175
345 175
345 175
345 175
345 175
345 175
345 175
345 175
345 175
345 174
345 174
345 174
345 174
345 174
345 174
345 174
344 174
344 174
344 174
344 174
344 174
344 174
344 174
344 174
344 174
344 174
344 174
344 174
344 173
344 173
344 173
344 173
344 173
344 173
344 177
344 177
344 177
344 177
344 177
344 177
344 177
344 177
344 177
344 177
344 177
344 177
344 177
344 177
344 177
344 177
344 177
344 177
344 177
344 177
344 177
344 177
344 177
344 177
344 177
344 177
344 177
344 177
344 177
344 177
344 177
344 177
344 177
344 177
344 177
344 177
344 177
344 177
344 177
344 177
344 177
344 177
344 176
344 176
344 176
344 176
344 176
344 176
344 176
344 176
344 176
344 176
344 176
344 176
344 176
344 176
344 176
344 176
344 176
344 176
344 176
344 176
344 176
344 176
344 176
344 176
344 176
344 176
344 176
344 175
344 173
345 172
347 162
347 165
347 165
344 175
347 164
347 161
344 175
344 176
344 172
347 164
347 161
344 175
344 176
347 164
344 176
344 176
344 176
344 176
344 176
344 176
343 176
344 172
344 172
344 176
344 175
344 176
344 176
344 175
344 175
343 175
343 175
344 176
344 176
344 176
344 176
344 176
344 176
344 176
343 176
343 176
343 176
343 176
343 176
343 176
343 177
343 177
343 177
343 178
343 177
344 177
344 175
344 175
345 174
345 173
345 173
345 172
345 172
345 171
345 172
345 172
345 173
344 174
344 174
344 175
344 175
344 175
344 175
344 175
344 175
344 174
345 174
345 174
345 174
345 174
345 173
345 174
345 174
345 174
344 174
345 174
345 173
345 173
345 173
345 172
345 172
345 170
345 170
345 171
345 171
345 171
345 170
344 170
345 170
345 170
345 170
344 170
345 170
344 170
345 170
344 170
345 170
345 170
344 169
344 169
344 169
345 170
344 170
345 170
344 170
344 169
344 170
344 170
345 170
344 169
344 169
344 169
344 169
344 169
345 168
345 167
345 167
345 167
346 164
346 164
346 163
347 162
346 162
346 163
346 162
346 163
346 163
346 163
346 164
346 165
345 166
345 166
345 166
345 167
345 167
345 167
345 168
345 167
345 167
345 167
345 167
345 167
345 167
345 167
345 168
345 167
345 167
345 167
345 167
345 168
345 167
345 168
345 167
345 167
345 167
345 167
345 167
345 167
345 167
345 167
345 167
345 168
345 166
345 167
345 167
345 168
345 167
344 167
345 168
344 168
344 168
345 168
345 167
344 167
344 168
344 167
344 167
344 167
344 167
344 167
344 167
344 167
344 168
344 167
344 167
344 167
344 168
344 168
344 168
344 168
344 169
344 169
344 169
344 169
344 169
343 169
343 170
343 170
344 170
344 171
345 171
345 171
346 171
346 172
347 172
348 172
348 172
349 172
349 173
350 173
350 173
351 173
351 174
352 174
352 174
353 174
353 175
354 175
355 175
355 175
356 175
356 176
357 176
357 176
358 176
358 177
359 177
359 177
360 177
361 178
361 178
362 178
362 178
363 179
363 179
364 179
364 179
365 179
365 180
366 180
366 179
366 179
366 179
366 179
366 178
366 178
366 178
366 178
366 178
365 178
365 178
365 178
365 177
365 177
365 177
365 177
365 177
365 177
365 176
365 176
366 176
366 176
366 176
366 176
366 175
366 175
366 175
366 175
366 175
366 174
366 174
366 174
366 174
366 174
366 174
366 173
366 173
366 173
366 173
366 173
367 172
367 172
367 172
368 172
385 197
385 197
385 197
384 196
384 196
384 196
383 195
383 195
383 195
382 194
382 194
382 194
381 193
381 193
381 193
380 192
380 192
380 192
380 191
379 191
379 191
379 190
378 190
378 190
378 189
377 189
377 189
377 188
376 188
376 188
376 187
375 187
375 187
375 186
374 186
374 186
374 185
374 185
373 185
373 184
373 184
372 184
372 183
372 183
371 183
371 182
371 182
370 182
370 181
370 181
369 181
369 180
369 180
368 180
368 179
368 179
368 179
367 178
367 178
367 178
366 177
366 177
366 177
365 176
365 176
365 176
364 175
364 175
364 175
363 174
363 174
363 174
362 173
362 173
362 173
362 172
361 172
361 172
361 171
360 171
360 171
360 170
359 170
359 170
359 169
358 169
358 169
358 168
357 168
357 168
357 167
356 167
356 167
356 166
356 166
355 166
355 165
355 165
355 165
355 165
355 165
355 165
354 165
354 165
354 165
354 165
354 165
354 165
354 165
354 165
354 165
354 165
353 165
353 165
353 165
353 164
353 165
353 165
353 164
353 164
353 165
353 165
352 165
352 166
352 166
352 163
352 166
352 166
352 165
352 165
352 165
352 164
352 164
353 163
352 164
352 164
352 164
352 163
352 164
352 164
352 164
352 164
352 164
352 164
352 163
352 163
352 163
351 162
352 163
352 163
351 163
351 163
350 164
350 164
350 164
350 164
350 164
350 164
350 164
350 164
350 164
350 163
350 162
349 161
349 160
350 163
350 163
350 162
350 162
350 161
350 162
350 162
350 163
350 163
350 163
350 162
349 161
349 163
350 163
349 163
344 152
344 152
350 162
350 162
349 162
350 162
349 163
349 163
349 163
349 164
349 165
349 164
349 164
349 164
349 163
349 164
349 165
349 163
349 163
349 163
349 163
349 163
349 163
349 163
349 163
349 164
349 164
348 164
349 164
348 164
348 163
348 164
348 164
348 164
348 163
349 163
349 163
348 159
348 163
348 163
348 164
348 161
348 165
347 161
348 165
348 165
348 165
348 164
348 165
348 164
348 164
348 164
348 164
348 164
348 164
348 164
348 163
348 163
348 163
339 157
340 155
342 152
342 152
342 153
342 153
343 154
343 155
343 155
344 156
344 157
344 157
344 158
345 158
345 159
345 160
346 160
346 161
346 161
346 162
346 164
346 162
346 164
346 164
346 164
346 164
346 164
346 164
346 164
346 164
346 163
346 163
346 163
346 163
346 163
346 163
346 163
346 163
346 162
346 163
346 163
346 163
346 163
346 163
345 163
345 163
345 164
345 164
345 164
345 164
345 164
345 164
345 164
345 164
345 165
345 165
345 165
345 165
345 165
345 165
345 165
345 166
345 166
345 166
344 166
344 166
344 166
344 166
344 167
344 167
344 167
344 167
344 167
344 168
344 168
344 167
344 167
344 167
344 167
344 167
344 166
345 166
345 166
345 166
345 166
345 166
345 166
345 165
345 165
345 165
345 165
345 165
345 165
345 165
345 165
345 165
345 165
345 164
345 164
345 164
345 164
345 164
345 164
345 164
345 164
345 164
345 164
345 163
345 163
345 163
345 163
345 163
345 163
345 163
345 163
345 163
345 163
345 163
345 162
345 162
345 162
345 162
345 162
345 162
345 162
345 162
345 162
345 162
345 162
345 162
345 162
345 162
345 162
345 162
345 162
345 162
345 162
345 162
345 162
345 162
345 162
345 162
345 162
345 162
345 162
345 162
345 162
345 162
345 162
345 162
345 162
345 162
345 162
345 162
345 162
345 162
345 162
345 162
345 162
345 162
345 162
345 162
345 162
345 162
345 162
345 161
345 161
345 161
345 161
345 161
345 161
345 161
345 161
345 161
345 161
345 161
345 161
345 161
345 161
345 161
345 161
345 161
345 161
345 161
345 161
345 161
345 161
345 161
344 161
344 161
344 161
345 161
345 162
344 161
344 161
343 160
343 160
343 160
342 159
342 159
341 158
341 158
340 157
340 157
340 157
339 156
339 156
339 156
339 156
339 156
339 157
339 157
339 157
339 157
339 158
339 158
339 158
340 158
340 158
340 159
340 159
340 159
340 159
340 160
340 160
340 160
340 160
340 160
340 161
341 161
341 161
341 161
341 161
341 162
341 162
341 162
341 162
341 163
341 163
341 163
341 163
342 163
342 164
342 164
342 164
342 164
342 165
342 165
342 165
342 165
342 165
342 166
342 166
343 166
343 166
343 167
343 167
343 167
343 167
343 167
343 168
343 168
343 168
343 168
343 169
344 169
344 169
344 169
344 169
344 170
344 170
344 170
344 169
344 170
344 170
344 170
344 169
344 170
344 163
344 163
344 163
344 166
344 170
344 169
344 169
344 169
344 169
344 169
344 168
344 168
344 168
344 168
344 168
344 169
344 168
344 168
344 168
344 168
344 168
344 168
344 168
344 167
344 168
344 168
344 168
344 167
344 168
343 168
343 168
344 168
343 167
343 167
343 168
343 168
344 168
344 168
340 157
344 168
343 168
339 156
343 168
344 160
343 168
340 151
343 168
343 168
343 168
343 168
343 168
343 169
344 158
344 169
343 168
343 169
343 169
343 169
339 156
343 168
343 169
344 169
344 169
343 169
340 156
343 169
343 169
343 169
343 168
343 168
343 168
343 168
343 169
339 157
343 168
344 169
343 169
340 157
343 168
343 169
344 168
344 168
344 169
344 169
344 169
344 169
344 168
344 168
344 168
344 160
344 168
344 168
344 169
344 168
344 168
344 169
344 168
344 169
344 169
344 169
344 169
344 169
344 169
344 169
344 169
344 170
344 170
344 169
344 169
344 169
344 169
344 169
344 169
344 168
344 169
340 156
344 168
344 168
344 167
344 168
344 167
344 167
344 167
464 300
463 300
461 297
460 293
459 290
458 286
457 284
456 285
456 285
455 285
455 288
455 292
455 303
455 310
455 310
454 309
454 308
453 307
452 307
452 306
451 305
451 302
450 299
450 297
449 297
449 296
448 297
447 295
446 292
446 292
445 293
445 294
444 295
443 296
443 296
442 297
442 298
441 299
441 300
440 300
440 301
439 302
438 303
438 304
437 304
437 305
436 306
436 307
435 308
434 308
434 309
433 310
433 311
432 312
432 312
431 310
430 309
430 307
429 308
428 308
427 308
427 308
426 308
426 308
425 308
425 308
425 309
424 309
424 309
423 309
423 309
422 309
422 309
421 309
421 309
420 309
420 309
419 309
419 309
419 309
418 309
418 309
417 309
417 310
416 310
416 310
415 310
415 310
414 310
414 310
413 310
413 310
413 310
412 310
412 310
411 310
411 310
410 310
410 310
409 310
409 311
408 311
408 311
407 311
407 311
407 311
406 311
406 311
405 311
405 311
404 311
404 311
403 311
403 311
402 311
402 311
401 311
401 312
400 312
400 312
400 312
399 312
399 312
398 312
398 312
397 312
397 312
396 312
396 312
395 312
395 312
394 312
395 311
394 312
376 160
376 160
376 160
377 160
377 160
377 159
377 159
377 158
378 157
378 156
378 156
378 155
378 154
377 153
377 152
377 151
378 151
378 151
378 151
378 151
378 151
378 151
377 151
377 151
377 150
377 150
377 149
376 148
376 148
376 147
376 147
376 147
376 146
376 146
376 146
375 146
376 146
376 146
375 147
375 147
375 146
375 145
375 144
375 143
375 142
375 141
375 141
375 140
374 140
374 140
374 140
374 140
373 140
373 140
373 140
372 139
372 139
372 139
371 138
371 138
371 138
370 137
370 137
370 137
370 137
370 136
370 136
370 136
369 135
369 135
369 135
369 134
369 134
369 134
369 134
369 133
368 133
368 133
368 132
368 132
368 132
368 132
368 131
368 131
367 131
367 130
367 130
367 130
367 129
367 129
367 129
366 129
366 128
366 128
366 128
366 127
366 127
366 127
366 127
365 126
365 126
365 126
365 125
365 125
365 126
365 126
365 126
365 126
365 126
365 126
365 125
365 125
365 125
365 125
365 125
365 124
364 124
364 124
364 124
364 124
364 124
364 123
364 123
364 123
364 123
364 123
364 122
364 122
364 122
363 122
363 122
363 121
363 121
363 121
363 121
363 121
363 121
363 120
363 120
363 120
363 120
363 120
362 119
362 119
362 119
362 119
362 119
362 118
362 118
362 118
362 118
362 118
362 117
362 117
362 117
361 117
361 117
361 117
361 116
361 116
361 116
361 116
361 116
361 115
361 115
361 115
361 114
361 114
360 114
360 113
360 113
361 113
360 113
360 113
360 113
360 113
360 113
360 113
360 113
360 112
360 112
360 111
359 111
359 111
359 111
359 111
359 111
359 111
359 111
358 110
357 110
356 109
356 109
355 108
355 109
358 111
358 112
357 111
358 111
358 110
357 109
357 108
357 109
357 108
357 109
357 109
357 108
354 106
356 107
357 109
358 109
357 108
357 109
357 108
354 106
354 105
343 96
343 96
342 96
343 97
343 97
342 96
343 96
343 95
344 95
344 94
344 94
344 92
344 92
344 92
344 91
344 92
344 92
344 92
344 93
344 93
344 93
344 94
344 94
343 94
343 94
343 94
343 94
343 94
343 94
343 94
343 94
343 93
343 93
343 93
343 93
343 93
343 94
342 93
343 93
343 91
343 91
344 91
343 90
344 91
343 90
343 91
343 90
343 90
343 91
343 90
343 90
343 90
343 90
343 90
343 90
343 89
343 90
343 90
344 91
344 91
343 91
343 91
343 91
343 91
343 92
344 92
343 91
343 91
343 91
343 91
343 91
343 91
343 91
343 91
343 90
343 91
343 90
343 89
344 89
344 87
345 86
345 84
345 85
345 84
345 83
345 84
345 84
345 82
345 84
345 85
345 86
345 85
344 86
344 86
344 87
344 87
344 87
344 87
344 88
344 88
344 88
344 87
344 87
344 87
345 86
344 88
345 86
345 85
345 88
344 88
345 88
345 88
345 88
345 88
345 88
345 88
345 88
345 87
345 87
345 88
345 88
345 87
345 87
345 87
344 86
345 86
345 86
345 86
344 87
344 87
344 88
345 87
345 87
345 88
345 88
344 88
345 88
345 87
345 88
345 88
345 87
345 88
345 88
345 88
345 88
345 88
345 88
345 88
345 88
345 88
345 89
345 88
345 89
344 88
344 88
344 89
344 89
344 89
344 89
344 88
344 89
344 89
343 89
344 91
344 91
343 90
343 90
344 91
343 91
343 90
343 90
343 90
344 90
344 91
344 92
344 92
344 91
344 91
344 91
343 90
344 90
344 91
344 91
344 90
343 89
344 89
344 89
344 89
344 89
344 89
344 89
344 89
345 89
345 89
345 90
344 90
345 90
344 89
345 90
345 90
345 90
345 90
344 88
345 88
344 89
345 89
345 89
345 88
345 89
345 89
344 88
345 88
345 89
345 89
345 88
345 89
345 89
345 88
345 87
345 88
345 87
344 87
344 87
344 87
344 88
344 87
345 88
344 87
345 88
345 87
345 87
344 86
344 87
344 87
344 87
345 87
345 86
345 87
345 88
345 88
345 89
345 89
345 88
346 89
346 88
346 88
348 86
348 85
346 86
348 89
346 87
348 90
346 87
346 87
346 86
347 85
345 86
347 84
347 84
346 85
345 84
347 84
346 86
347 84
351 89
351 90
347 86
347 86
346 85
347 85
347 85
351 91
346 86
346 86
346 86
347 86
347 86
347 86
347 86
346 86
347 86
347 86
347 86
347 87
347 87
348 87
348 86
348 86
348 86
348 86
348 87
347 86
347 86
347 86
348 87
348 87
348 87
348 87
348 87
348 87
348 86
348 87
348 86
347 86
348 86
348 86
348 86
348 86
348 86
348 86
348 87
348 86
348 86
348 85
347 86
347 86
348 86
347 86
347 86
347 86
347 86
349 89
351 91
351 91
351 91
351 90
347 87
347 87
347 87
347 87
347 85
348 86
347 86
347 86
347 87
347 85
348 86
347 87
348 86
347 86
348 86
347 86
347 87
347 87
347 87
347 86
347 86
346 86
347 87
347 86
346 86
347 86
347 85
347 85
347 85
358 108
354 105
358 108
354 105
358 108
358 107
353 105
353 104
354 103
354 102
357 104
360 105
360 104
360 104
360 103
355 100
360 103
360 103
360 103
360 104
354 101
360 104
360 104
360 104
360 103
360 103
360 103
361 104
361 102
361 103
361 102
361 101
361 102
361 101
361 100
361 100
361 99
362 99
362 98
363 97
363 97
363 98
363 97
363 97
363 96
363 97
363 97
363 97
363 97
363 97
363 96
363 95
363 95
363 94
363 93
364 93
364 94
364 94
364 94
364 96
364 94
364 94
364 94
364 97
364 97
364 97
365 94
365 94
364 96
364 96
365 95
365 95
364 91
365 91
365 91
365 94
365 93
366 93
366 93
366 92
367 90
367 86
367 85
367 85
367 86
367 84
366 87
366 87
366 83
366 86
366 84
366 87
366 88
366 88
366 86
365 87
365 87
366 88
365 88
365 88
365 88
365 86
365 86
365 86
365 86
365 86
365 85
365 85
365 88
365 86
365 88
365 89
365 87
365 89
365 88
365 89
365 89
365 86
365 85
364 84
365 84
364 84
364 83
365 84
364 84
364 83
364 84
364 83
364 86
364 86
364 86
364 87
364 86
364 86
364 86
364 86
364 86
364 86
363 82
363 82
363 82
485 57
485 56
485 56
485 61
485 57
485 56
485 56
485 57
485 57
486 57
485 57
485 57
485 57
485 56
485 56
485 57
485 56
485 57
486 55
486 56
486 54
485 55
485 55
486 55
486 55
486 55
486 55
486 55
486 55
486 55
486 55
486 54
486 54
486 54
486 54
486 54
486 54
486 54
486 54
486 54
486 54
486 54
486 54
485 54
486 53
485 53
485 53
485 54
486 54
485 53
486 54
485 53
485 53
485 53
485 53
485 53
485 53
485 53
485 52
486 52
486 52
486 52
486 53
486 53
486 53
486 52
486 52
486 52
486 53
486 54
486 53
485 53
485 54
485 54
485 54
486 54
486 54
486 55
485 54
486 54
486 54
485 55
485 53
485 54
485 53
486 53
485 55
485 55
485 55
485 55
485 55
485 55
485 54
485 54
485 55
485 54
485 56
484 57
485 57
485 56
485 55
484 55
484 57
484 59
484 57
484 58
484 57
484 57
484 57
484 57
484 57
484 57
484 58
484 57
484 56
484 57
484 59
484 57
484 57
484 58
484 57
484 57
484 57
484 56
484 57
484 57
483 57
484 57
484 56
484 57
484 57
484 56
485 56
484 56
484 56
485 56
485 56
485 55
485 57
485 56
485 57
485 57
484 59
485 57
485 57
484 56
484 57
484 57
484 58
484 57
485 56
484 62
484 57
485 56
485 57
485 56
485 57
485 57
485 57
485 60
485 58
485 57
485 58
485 56
485 56
485 56
485 56
484 57
484 57
485 57
484 57
484 57
484 57
485 56
485 56
485 55
485 56
485 56
485 58
485 55
485 59
485 57
485 56
486 56
485 56
485 57
485 55
486 57
485 55
486 57
485 55
485 55
485 54
485 54
485 54
485 53
485 54
485 54
484 55
485 55
485 56
486 56
485 56
486 57
485 56
485 54
485 55
485 56
485 55
485 55
485 54
485 56
485 56
485 56
485 55
485 56
485 56
485 58
485 54
485 56
484 55
485 55
485 55
485 55
485 56
485 56
484 55
485 56
485 56
485 55
484 55
485 55
485 55
485 55
485 55
485 54
485 55
485 58
485 57
485 54
485 53
485 55
485 55
485 56
485 55
486 56
484 56
484 56
485 55
485 55
384 200
384 200
384 200
384 199
384 199
384 199
384 199
384 199
384 199
384 199
384 198
384 198
384 198
384 198
384 198
384 197
384 197
384 197
384 197
384 197
384 197
384 196
384 196
384 196
384 196
384 196
384 196
384 195
384 195
384 195
384 195
384 195
384 195
384 194
384 194
384 194
384 194
384 194
384 194
384 193
384 193
384 193
384 193
384 193
384 193
384 192
384 192
384 192
384 192
384 192
383 192
383 191
383 191
383 191
383 191
383 191
383 191
383 190
383 190
383 190
383 190
383 190
383 190
383 189
383 189
383 189
383 189
383 189
383 189
383 188
383 188
383 188
383 188
383 188
383 188
383 187
383 187
383 187
383 187
383 187
383 187
383 186
383 186
383 186
383 186
383 186
383 186
383 185
383 185
383 185
383 185
382 182
382 185
382 183
383 186
383 185
382 185
382 185
382 184
382 184
382 184
382 184
381 184
381 183
381 183
380 182
379 182
378 182
378 181
378 182
378 182
378 182
377 182
377 181
377 181
377 181
377 181
377 181
377 179
379 182
379 181
379 181
379 181
379 180
379 180
379 180
378 180
378 180
378 179
378 179
379 179
380 180
380 180
381 180
382 180
383 181
383 181
391 179
383 181
384 181
384 181
393 179
393 179
394 178
392 178
391 179
389 180
388 180
396 175
397 175
397 175
398 175
397 175
398 175
398 175
399 175
399 175
399 174
400 174
400 174
400 174
401 174
401 173
401 173
401 173
402 172
402 172
402 171
403 171
403 171
403 172
403 172
404 172
404 172
405 172
405 171
405 172
406 171
406 172
407 172
407 172
408 171
408 171
408 171
408 170
409 170
409 169
409 169
409 169
410 168
410 168
410 168
410 167
411 167
411 167
411 166
412 166
412 165
412 165
412 165
413 164
413 164
413 164
413 163
414 163
414 163
414 162
414 162
415 161
415 161
415 161
415 160
416 160
416 160
416 159
416 159
417 159
417 158
417 158
417 157
418 157
418 157
418 156
419 156
419 156
419 155
419 155
420 155
420 154
420 154
420 153
421 153
421 153
421 152
421 152
422 152
422 151
422 151
422 151
423 150
423 150
423 149
423 149
423 150
423 150
423 150
424 151
423 150
423 150
423 150
423 150
423 149
424 148
424 148
424 148
424 148
363 86
363 87
363 86
363 86
363 87
363 86
363 87
363 87
363 87
362 87
362 87
362 86
362 86
362 85
362 84
361 86
361 86
361 86
361 86
361 87
361 87
360 87
360 88
360 88
360 88
360 88
360 88
360 88
360 87
360 87
360 87
360 88
360 88
360 88
360 87
360 87
360 87
360 87
360 87
360 86
360 86
360 87
360 87
359 86
359 86
359 85
359 85
359 84
359 84
359 84
359 84
359 84
359 84
359 83
359 83
359 83
359 83
358 84
358 84
358 84
358 84
358 83
359 83
358 83
358 83
358 83
358 83
358 83
358 83
358 82
358 83
358 83
358 83
358 83
358 84
358 83
358 83
358 83
358 83
358 83
358 83
358 83
357 81
358 82
358 81
358 80
358 81
358 81
358 81
358 81
358 81
358 81
358 81
358 81
358 81
358 81
358 80
358 80
358 80
358 80
358 81
357 81
356 81
356 81
355 81
354 81
354 80
353 80
352 80
352 80
351 80
350 80
349 80
349 80
348 80
347 80
347 80
346 80
345 80
345 80
344 80
343 80
343 80
342 80
341 80
341 80
341 80
341 80
341 80
341 81
341 81
341 81
341 81
341 81
341 81
341 81
341 81
341 81
341 81
341 81
341 81
341 81
341 81
341 81
341 81
341 81
341 81
341 81
341 81
341 81
341 81
341 81
341 81
341 81
341 81
341 81
341 81
341 81
341 81
341 81
341 81
341 81
341 81
341 81
341 81
341 81
341 81
341 81
341 81
341 81
341 81
341 81
341 81
341 81
341 81
341 81
341 81
341 81
341 81
341 81
341 81
341 81
341 81
341 80
341 81
