0 428
0 430
0 732
1 517
9 1001
11 126
16 996
61 109
73 169
95 192
143 741
144 109
208 604
219 790
248 120
351 659
363 291
432 580
432 580
526 228
540 101
550 272
574 141
595 261
599 169
627 117
630 209
669 102
669 240
696 277
768 244
813 197

517 60
516 60
516 60
516 61
516 61
516 61
515 61
515 62
512 63
520 58
529 54
527 55
524 57
522 59
520 61
518 62
518 62
518 62
517 62
517 62
517 62
517 62
517 62
517 62
517 62
517 62
517 63
517 63
516 63
516 63
516 63
516 63
516 63
516 63
516 63
516 63
516 63
516 63
516 63
516 63
516 63
516 63
516 63
516 63
516 62
516 62
516 62
517 62
517 62
517 62
517 62
517 62
517 62
517 62
517 62
517 62
518 62
518 62
518 61
518 61
518 61
518 61
518 61
518 61
518 61
519 61
519 61
519 61
519 61
519 61
519 61
519 61
519 60
519 60
520 60
520 60
520 60
520 60
520 60
520 60
520 60
520 60
521 60
521 60
521 60
521 60
521 60
521 59
521 59
521 59
521 59
522 59
522 59
522 59
522 59
522 59
522 59
522 59
522 59
522 59
523 59
523 58
523 58
523 58
523 58
523 58
523 58
523 58
523 58
524 58
524 58
524 58
524 58
524 58
524 58
524 57
524 57
525 57
525 57
524 58
523 58
523 58
523 58
523 59
523 59
522 59
522 59
522 59
522 59
522 59
523 58
524 58
523 58
524 58
525 57
523 59
523 58
524 58
524 58
524 58
523 59
521 60
522 59
524 58
525 58
527 56
521 60
525 58
528 56
527 56
527 57
526 57
522 60
525 58
527 56
527 56
527 56
527 56
527 57
527 57
527 57
527 57
526 57
526 57
526 57
526 57
526 57
526 57
526 57
526 57
526 57
526 57
526 57
526 57
526 57
526 57
526 57
526 57
527 57
527 57
527 57
527 56
527 56
527 56
525 58
526 57
527 56
528 56
524 58
526 57
527 56
527 57
526 57
526 57
525 58
527 56
531 54
532 54
529 55
529 55
525 57
526 57
527 57
527 56
524 58
525 58
529 56
532 53
529 55
526 57
532 53
532 53
532 54
527 56
525 58
527 57
529 55
532 54
531 54
530 55
529 56
527 56
526 57
529 55
529 56
529 56
529 56
528 56
528 56
528 56
528 56
528 56
527 56
529 56
530 55
532 54
533 53
534 52
536 51
537 51
539 49
538 50
537 51
538 50
538 50
538 51
537 51
537 51
537 51
536 51
536 51
535 52
535 52
535 52
534 52
534 52
534 53
533 53
533 53
533 53
532 53
532 53
531 54
531 54
531 54
530 54
530 54
530 55
529 55
529 55
528 55
528 55
528 55
527 56
527 56
527 56
526 56
526 56
527 56
527 56
527 56
527 56
527 56
527 55
528 55
528 55
528 55
528 55
528 55
529 55
529 55
529 55
529 55
529 54
529 54
530 54
530 54
530 54
530 54
530 54
531 54
531 53
531 54
531 54
529 54
529 55
528 55
528 55
528 55
527 56
527 56
527 56
526 56
526 57
525 57
525 57
525 57
524 57
524 58
524 58
524 58
523 58
523 58
523 58
523 59
522 59
524 58
524 58
524 58
524 58
524 58
524 58
523 58
522 59
522 59
523 59
523 58
523 58
523 58
524 58
524 58
524 58
524 58
523 58
523 58
523 59
523 59
523 59
522 59
522 59
522 59
522 59
522 59
522 59
522 59
523 59
523 59
523 58
523 58
524 58
524 58
524 58
524 58
525 58
525 58
525 57
525 57
525 57
525 57
525 57
525 57
525 57
526 57
526 57
526 57
526 57
526 56
526 56
526 56
526 56
526 56
526 56
527 56
527 56
527 56
527 56
527 56
527 56
527 55
527 55
527 55
528 55
528 55
528 55
528 55
528 55
528 55
528 55
528 55
528 54
529 54
529 54
529 54
529 54
530 54
530 53
531 53
531 53
532 53
532 52
533 52
533 52
533 52
533 52
533 52
533 52
533 52
534 52
534 51
535 51
534 51
534 52
534 52
534 52
534 52
534 52
534 52
534 52
305 185
306 184
307 183
307 183
305 184
305 184
306 184
306 184
306 184
306 184
307 184
308 183
310 181
310 182
310 181
311 181
314 179
315 179
315 178
316 178
317 177
317 177
318 176
318 176
319 176
317 177
319 176
319 176
320 175
319 176
320 175
320 176
320 176
319 176
320 175
321 174
323 173
324 172
325 172
325 171
326 171
325 172
325 172
326 171
326 171
326 171
327 171
328 170
329 169
330 169
330 169
332 168
333 167
332 167
333 166
334 166
335 165
335 165
336 164
338 163
338 163
337 164
337 164
336 164
337 164
337 163
338 163
337 163
337 164
337 164
338 163
338 162
339 162
341 161
341 161
342 160
342 160
344 159
343 159
342 159
343 159
344 159
344 158
345 158
346 157
346 157
346 157
348 156
349 155
349 155
350 155
350 154
351 154
351 153
352 153
353 153
352 153
350 154
350 154
350 155
350 154
350 154
351 154
350 154
352 153
353 152
353 152
352 153
353 152
354 152
353 152
354 151
355 151
353 152
355 151
354 151
355 151
356 151
356 150
358 149
358 149
357 149
359 148
359 149
359 149
361 147
363 145
364 145
363 146
364 145
364 145
363 146
362 147
362 147
362 146
362 146
362 146
363 146
363 146
364 146
364 146
365 145
367 144
368 143
368 143
371 141
369 142
368 143
368 143
369 142
368 143
369 143
371 141
370 142
372 141
375 139
375 138
376 138
375 138
374 139
376 138
378 137
379 136
380 135
381 135
381 134
380 135
380 135
379 136
379 136
380 136
379 136
379 136
378 137
378 137
379 136
380 135
380 135
381 134
383 133
382 134
384 133
382 134
383 133
384 133
385 132
386 131
385 132
384 132
386 131
386 131
386 131
386 131
386 131
387 130
387 130
388 129
388 129
387 130
387 130
386 131
388 129
389 129
388 129
388 129
388 129
388 129
389 129
388 129
388 129
389 129
387 130
386 130
385 131
389 129
390 128
389 128
390 127
390 127
391 127
390 127
391 127
393 126
393 126
392 126
393 126
392 126
392 126
393 125
392 126
393 125
394 125
395 124
396 123
396 123
396 123
397 122
398 122
397 122
396 123
395 124
395 124
395 124
396 123
396 123
396 124
396 123
396 123
397 122
397 122
399 121
399 121
399 121
398 122
400 120
402 119
401 120
399 121
400 121
400 121
400 120
403 119
403 119
403 119
404 118
405 118
405 117
408 116
409 115
408 115
409 115
409 115
410 115
409 115
408 116
408 116
408 116
408 116
408 116
409 115
408 116
409 116
409 115
410 114
412 114
412 113
413 113
414 112
415 112
414 112
416 111
415 112
415 111
415 111
416 111
418 110
418 110
419 109
419 109
420 109
420 109
420 109
422 108
423 107
425 106
426 105
427 105
427 105
426 105
425 106
426 106
426 106
427 105
427 105
428 104
427 105
428 105
428 105
428 105
429 104
429 104
431 102
433 102
433 101
433 101
433 101
433 101
433 101
434 101
434 101
435 101
435 100
436 100
437 100
437 99
438 99
438 99
439 98
441 97
444 95
447 93
446 94
447 93
447 93
445 95
445 95
446 95
446 95
446 94
446 94
446 95
446 95
446 95
446 95
447 94
448 93
449 93
450 92
450 92
450 92
451 92
451 91
452 91
453 91
452 91
452 91
454 90
454 90
455 89
455 89
456 89
457 88
456 89
456 89
460 86
461 86
461 85
462 85
462 85
463 85
463 85
463 84
463 84
463 84
463 84
464 84
464 84
464 84
464 84
464 84
464 84
465 84
465 84
465 84
465 83
465 83
466 83
466 83
466 83
467 83
467 83
467 83
467 83
468 82
469 82
470 81
470 81
471 81
472 80
472 80
473 79
474 78
475 78
477 77
478 76
479 76
477 77
476 77
477 77
477 77
477 77
477 77
477 77
477 77
477 77
478 77
478 76
479 76
479 76
480 75
605 28
608 26
608 26
606 27
609 26
609 25
610 24
611 24
611 24
609 25
607 26
608 26
606 27
606 27
606 27
609 25
608 26
609 25
608 26
611 24
611 24
611 24
612 23
613 22
614 22
613 23
609 25
612 23
614 22
612 23
612 23
614 22
614 22
614 22
615 21
616 21
616 21
620 18
618 19
621 18
617 20
617 20
614 22
613 22
611 23
616 20
617 20
617 20
617 20
619 18
619 19
618 19
621 17
619 19
621 17
619 18
619 18
619 18
621 17
619 18
619 18
618 19
619 18
622 16
624 15
625 14
626 13
626 13
627 13
630 11
629 12
630 11
630 11
628 12
629 11
627 13
627 13
628 12
627 12
626 13
625 14
627 12
626 13
627 12
625 14
627 12
626 13
624 14
626 13
626 13
627 12
628 11
627 12
629 11
631 10
628 12
631 10
630 10
629 11
633 8
629 11
632 9
629 11
632 9
630 10
627 12
628 11
626 13
626 12
629 10
629 11
631 9
626 12
627 12
626 12
626 12
625 13
630 10
631 9
630 10
629 10
628 11
627 11
628 11
626 12
626 12
626 12
629 10
629 10
633 8
630 9
631 9
635 7
631 9
631 9
632 8
632 9
634 7
630 10
630 9
630 10
636 6
632 9
637 6
638 4
640 3
636 6
636 6
637 5
638 5
638 5
640 3
638 5
635 6
638 5
635 6
636 6
640 4
640 3
639 4
643 1
645 0
648 -1
647 0
642 2
642 2
643 1
643 1
646 0
643 2
639 4
640 3
641 2
641 3
640 3
643 1
641 2
642 2
642 2
640 3
641 2
643 1
642 2
640 3
643 1
641 2
642 1
642 2
642 2
642 2
642 1
644 0
644 0
645 0
647 -1
648 -2
648 -1
649 -2
648 -2
647 -1
652 -4
650 -3
645 0
645 0
644 0
647 -1
644 0
643 0
644 0
645 0
643 0
645 0
647 -1
645 -1
642 0
644 0
646 -1
644 0
644 0
645 -1
643 0
643 0
643 0
644 0
648 -2
647 -2
649 -3
648 -3
648 -3
650 -4
649 -3
648 -3
648 -3
646 -2
646 -2
646 -2
646 -2
648 -3
647 -2
646 -2
647 -3
647 -3
648 -3
650 -5
650 -5
649 -4
651 -5
649 -4
649 -4
651 -5
648 -3
649 -4
651 -5
650 -4
651 -5
652 -6
652 -6
653 -6
654 -7
654 -7
655 -8
656 -8
655 -8
654 -7
652 -6
653 -6
652 -6
653 -6
654 -7
654 -7
654 -7
654 -7
657 -9
657 -9
658 -10
657 -9
657 -9
657 -9
657 -9
657 -9
657 -9
656 -8
657 -9
657 -9
657 -9
658 -9
659 -10
660 -11
660 -11
661 -11
660 -11
662 -12
662 -12
660 -11
659 -10
660 -11
658 -10
658 -9
658 -9
659 -10
659 -11
659 -10
661 -11
662 -12
663 -13
662 -12
662 -12
663 -13
664 -13
664 -13
664 -13
662 -12
662 -12
661 -12
661 -12
661 -11
663 -13
665 -14
664 -14
665 -14
667 -15
668 -16
668 -16
667 -15
670 -17
668 -16
666 -15
666 -15
664 -13
664 -13
665 -14
665 -14
663 -13
666 -15
664 -14
667 -15
665 -15
667 -15
666 -15
667 -16
667 -15
667 -16
666 -15
669 -17
667 -15
667 -16
670 -17
667 -15
669 -17
670 -18
669 -17
673 -19
671 -18
671 -18
672 -18
673 -20
673 -19
672 -19
670 -18
671 -18
669 -17
670 -18
669 -17
670 -18
670 -18
673 -19
675 -21
676 -21
675 -21
673 -19
675 -21
676 -21
676 -21
675 -21
676 -21
674 -20
673 -19
678 -22
675 -21
679 -23
679 -23
683 -25
678 -22
682 -25
682 -25
683 -25
684 -26
682 -25
685 -27
684 -26
682 -25
680 -24
676 -21
682 -25
677 -22
678 -22
682 -25
680 -24
683 -26
682 -25
685 -27
684 -26
683 -26
683 -26
686 -27
686 -28
686 -28
680 -24
688 -29
683 -26
685 -27
685 -27
688 -29
688 -29
688 -29
690 -30
691 -30
692 -31
692 -31
692 -31
686 -27
693 -32
684 -26
685 -27
683 -26
687 -28
684 -26
689 -30
689 -29
689 -29
690 -30
686 -27
688 -29
690 -30
686 -28
692 -31
687 -28
690 -30
686 -28
686 -28
686 -28
690 -30
691 -31
690 -30
693 -32
694 -33
694 -33
696 -34
696 -34
696 -34
694 -33
695 -34
690 -31
691 -31
695 -33
693 -32
692 -32
694 -33
691 -31
688 -30
687 -28
687 -29
690 -31
686 -28
687 -29
689 -30
690 -31
688 -30
688 -30
687 -29
687 -29
687 -29
686 -29
686 -29
687 -29
687 -29
689 -31
689 -31
689 -31
690 -31
693 -33
692 -32
690 -32
691 -32
692 -33
691 -32
692 -33
691 -32
689 -31
690 -32
689 -31
688 -30
688 -31
689 -31
688 -30
688 -30
689 -31
690 -32
691 -33
689 -31
689 -31
688 -31
688 -30
689 -31
689 -31
690 -32
689 -31
688 -31
689 -31
692 -33
692 -33
692 -33
693 -34
692 -33
694 -34
692 -33
694 -34
693 -34
690 -32
690 -32
692 -33
691 -33
689 -32
691 -33
692 -34
692 -34
693 -34
692 -34
693 -34
695 -35
695 -35
693 -34
692 -34
692 -33
691 -33
690 -32
690 -32
692 -33
691 -33
692 -34
692 -34
694 -35
695 -35
696 -36
697 -37
698 -37
698 -37
699 -38
698 -37
696 -36
695 -35
694 -35
695 -35
696 -36
696 -36
695 -35
696 -36
697 -37
696 -36
696 -36
696 -36
697 -37
696 -36
697 -37
698 -37
698 -37
698 -37
699 -38
698 -37
698 -37
700 -39
703 -40
703 -40
701 -39
702 -40
704 -41
701 -39
700 -39
700 -39
701 -39
699 -38
698 -38
698 -38
699 -38
699 -38
700 -39
700 -38
701 -39
703 -40
703 -40
703 -40
703 -40
703 -40
703 -40
705 -41
703 -40
705 -42
704 -41
704 -41
704 -41
703 -40
703 -40
705 -42
705 -42
707 -43
704 -41
705 -42
704 -41
706 -42
704 -41
705 -42
705 -42
706 -42
706 -42
706 -42
706 -42
704 -41
704 -41
703 -40
703 -40
701 -39
703 -41
703 -41
705 -42
704 -41
705 -42
705 -42
706 -42
709 -44
707 -43
707 -43
707 -43
704 -41
701 -39
703 -40
703 -40
701 -39
703 -41
702 -40
703 -41
702 -40
703 -40
706 -42
709 -44
704 -41
706 -42
704 -41
705 -42
705 -42
702 -40
703 -41
702 -40
703 -41
704 -41
705 -42
704 -41
703 -41
704 -41
704 -41
704 -41
705 -42
703 -41
702 -40
702 -40
701 -39
704 -41
710 -44
715 -47
723 -53
730 -56
733 -58
733 -59
735 -60
739 -62
738 -61
736 -60
726 -54
719 -50
717 -49
714 -47
715 -48
715 -48
713 -47
715 -48
719 -50
721 -51
723 -52
725 -54
729 -56
727 -55
728 -56
728 -56
726 -54
726 -55
728 -56
730 -57
733 -59
735 -60
739 -63
741 -63
742 -64
745 -66
747 -67
750 -69
750 -69
752 -71
751 -70
752 -71
752 -71
752 -71
753 -72
752 -71
751 -70
751 -70
752 -71
748 -68
748 -68
749 -69
750 -70
747 -68
749 -69
749 -69
749 -69
749 -69
748 -68
749 -69
751 -70
750 -70
749 -69
749 -69
750 -70
750 -70
494 65
494 65
494 66
494 66
495 65
496 64
496 64
497 64
497 63
498 63
498 63
499 62
498 63
498 63
498 63
499 63
499 62
500 61
500 61
501 61
501 61
501 61
501 61
502 61
502 61
502 60
503 60
503 60
503 60
504 60
504 60
504 59
505 59
505 59
505 59
505 59
506 59
506 59
506 58
507 58
507 58
507 58
507 58
507 58
508 58
508 57
508 57
508 57
509 57
509 57
509 57
509 57
509 56
510 56
510 56
510 56
510 56
511 56
511 56
511 55
511 55
511 55
512 55
512 55
512 55
512 55
513 54
513 54
513 54
513 54
513 54
514 54
514 54
514 54
514 53
515 53
515 53
515 53
515 53
516 53
516 53
516 52
516 52
516 52
517 52
517 52
517 52
517 52
518 51
518 51
518 51
518 51
519 51
519 51
519 51
519 50
519 50
520 50
520 50
520 50
520 50
521 50
521 49
521 49
521 49
522 49
522 49
522 49
522 49
522 48
523 48
523 48
523 48
523 48
524 48
524 48
524 47
524 47
524 47
524 48
525 47
526 46
527 46
527 45
527 45
528 45
528 45
529 44
530 44
528 45
528 45
529 44
529 44
529 44
530 44
529 44
529 45
528 45
527 45
530 44
529 44
529 44
531 43
530 43
530 44
532 43
532 42
533 42
532 42
532 42
531 43
532 42
531 43
532 42
531 43
531 43
532 42
533 42
534 41
536 40
537 39
537 39
537 38
538 38
538 38
536 39
537 39
536 39
536 40
535 40
534 41
534 41
535 40
534 41
536 40
535 40
536 40
535 40
535 40
536 39
536 39
536 39
536 39
536 39
537 39
537 39
536 39
536 39
535 40
535 40
536 39
535 39
538 38
539 37
541 36
542 35
541 36
542 35
541 36
542 35
542 35
543 34
542 35
542 35
542 35
541 36
540 36
541 36
541 36
541 36
539 37
541 35
541 36
542 35
544 34
544 34
544 34
542 35
542 35
543 35
542 35
541 35
540 36
540 36
541 35
543 34
543 34
545 33
545 33
548 31
550 30
550 30
550 30
550 30
549 31
550 29
550 30
548 31
549 31
549 30
548 31
549 31
549 31
547 32
549 31
547 32
549 31
549 30
550 29
552 29
551 29
551 29
551 29
551 29
552 28
552 29
552 29
553 28
554 28
555 27
555 27
556 26
557 26
559 25
560 24
561 23
561 24
560 24
561 23
560 24
559 25
560 24
559 25
559 25
561 24
558 26
558 26
559 25
560 24
560 24
557 27
560 24
561 23
561 24
560 24
560 24
560 25
560 24
561 24
560 24
562 23
561 24
561 24
561 24
563 22
563 22
564 21
565 21
565 21
566 21
566 21
565 21
566 21
566 21
566 21
567 20
565 21
565 21
564 22
565 21
566 21
564 21
564 22
564 21
564 22
565 21
564 22
565 21
565 21
567 20
565 21
564 21
566 21
565 21
565 21
567 20
566 20
565 21
565 21
567 20
565 21
566 20
567 20
568 19
569 19
569 19
570 18
571 17
570 18
570 18
568 19
568 19
567 20
568 19
568 19
569 19
568 19
568 19
568 19
568 19
570 18
569 19
570 18
570 17
572 17
570 18
570 18
570 18
570 18
570 18
570 18
570 18
573 16
574 15
573 16
575 15
574 15
573 16
573 16
575 15
576 14
575 15
576 14
576 14
576 14
575 15
572 17
573 16
572 17
572 17
572 17
572 17
572 17
572 17
572 17
573 16
573 16
572 17
574 16
575 15
573 16
574 15
574 15
573 16
573 16
574 15
573 16
572 17
571 17
573 16
573 16
575 15
574 15
576 14
577 13
578 13
577 13
577 13
577 13
578 12
578 13
577 13
577 13
577 13
576 14
577 14
575 15
576 14
576 14
575 14
575 14
576 14
575 14
578 13
577 13
577 13
578 13
577 13
578 12
580 11
577 13
579 12
577 13
578 12
580 11
580 11
580 11
582 10
583 9
582 9
582 9
585 8
582 10
584 9
582 10
582 10
582 10
582 10
581 11
582 10
581 11
582 10
582 10
582 10
581 11
583 9
584 9
584 8
585 8
585 8
586 7
586 7
587 7
588 6
588 6
589 6
589 5
590 5
590 5
591 4
591 4
590 5
593 3
592 3
593 3
594 2
593 3
594 3
594 3
593 3
595 2
595 2
595 2
595 2
595 2
595 2
594 2
594 2
594 2
594 2
594 2
594 3
594 3
594 3
594 3
594 3
594 3
593 3
593 3
594 2
595 2
596 1
596 1
597 0
598 0
599 0
600 0
600 -1
601 -1
602 -2
601 -2
601 -2
601 -1
601 -2
600 -1
600 -1
598 0
603 16
606 14
610 13
597 20
609 13
609 13
609 13
609 13
608 13
608 13
608 14
608 14
608 14
607 14
607 14
607 14
607 14
607 14
607 14
606 15
606 15
606 15
606 15
606 15
606 15
605 15
605 15
605 15
605 15
605 16
605 16
604 16
604 16
604 16
604 16
604 16
604 16
604 16
604 16
604 16
604 16
604 16
605 16
605 15
605 15
605 15
605 15
606 15
606 15
606 15
606 15
606 14
607 14
607 14
607 14
607 14
607 14
608 14
608 14
608 13
608 13
608 13
609 13
609 13
609 13
609 13
609 13
610 12
610 12
610 12
610 12
610 12
611 12
611 12
611 11
611 11
611 11
612 11
612 11
612 11
612 11
612 11
613 10
613 10
612 11
612 11
611 11
611 11
611 12
610 12
610 12
609 12
609 13
609 13
608 13
608 14
607 14
607 14
607 14
606 15
606 15
605 15
605 15
605 16
604 16
604 16
603 16
603 17
603 17
602 17
602 17
601 18
601 18
601 18
601 18
600 18
600 18
600 19
600 19
600 19
600 19
600 19
600 19
600 19
599 19
599 19
599 19
599 19
599 19
599 19
599 20
599 20
599 20
599 20
598 20
598 20
598 20
598 20
598 20
598 20
598 20
598 20
598 20
599 20
599 20
599 20
599 20
598 20
597 21
599 19
603 16
601 18
599 19
600 19
600 19
599 20
600 19
599 19
599 19
598 20
599 20
599 19
598 20
598 20
597 21
597 21
597 21
601 18
599 20
600 19
598 20
598 20
598 20
597 21
598 20
600 19
601 18
598 20
598 20
598 20
598 20
598 20
598 20
598 20
598 20
598 20
598 20
598 20
598 20
598 20
598 20
599 20
599 20
599 20
599 20
599 20
599 20
599 20
599 19
600 19
600 18
601 18
601 18
602 17
603 17
603 17
604 16
604 16
605 15
606 15
606 15
599 19
601 19
603 17
606 15
608 14
601 19
607 15
599 20
605 16
603 17
600 19
599 20
599 20
599 19
600 19
601 18
600 19
600 19
601 18
601 18
601 18
601 18
602 18
602 18
602 18
603 17
602 18
602 18
602 18
601 18
601 18
602 18
600 19
601 18
601 18
601 18
601 19
603 17
603 17
604 16
605 16
605 16
605 16
605 16
605 16
604 16
604 16
604 16
604 16
604 16
603 17
604 16
605 16
606 15
606 15
608 13
608 13
609 13
609 13
608 13
608 13
610 12
607 14
607 14
607 14
608 13
607 14
607 14
608 13
608 13
607 14
607 14
606 14
607 14
607 14
608 13
607 14
607 14
607 14
607 14
606 14
606 15
606 15
605 15
605 15
604 16
603 16
603 17
605 15
604 16
604 16
605 16
605 16
605 16
606 15
606 15
606 14
604 16
605 15
605 15
604 16
602 17
603 17
604 16
602 17
602 17
602 17
602 17
602 17
601 18
604 16
604 16
603 17
602 17
602 17
602 17
602 17
603 16
602 17
604 16
603 16
602 17
601 18
602 17
603 16
604 16
602 17
601 18
602 17
600 19
601 18
602 17
603 16
605 15
605 15
603 17
600 18
602 17
604 16
601 18
601 18
602 17
602 17
602 17
602 17
601 18
602 17
601 18
604 16
604 16
601 18
605 15
602 17
603 17
602 17
605 15
604 16
600 18
603 17
605 15
605 15
604 16
604 16
604 15
605 15
602 17
604 16
605 15
606 14
606 14
606 14
606 15
607 14
606 14
606 15
605 15
605 15
605 15
604 16
604 16
604 16
605 15
606 15
604 16
601 18
601 18
601 18
603 16
606 15
605 15
605 15
605 15
605 15
605 15
601 18
603 17
605 15
605 15
605 15
605 15
606 15
606 15
606 15
606 14
607 14
605 15
604 16
604 16
604 16
604 16
606 15
604 16
604 16
604 16
606 15
605 15
607 14
606 14
608 13
606 15
605 15
606 14
600 19
606 15
599 19
601 18
603 17
605 15
607 14
606 14
606 14
606 15
605 15
604 16
602 17
601 18
600 18
606 15
603 17
600 19
606 14
605 15
605 15
599 19
606 15
606 15
606 15
605 15
605 15
605 15
604 16
603 16
602 17
601 18
601 18
603 17
599 19
602 17
602 17
602 17
602 17
603 17
603 16
604 16
606 15
608 13
604 15
604 16
604 16
604 16
604 16
605 15
606 14
607 14
608 13
608 13
609 12
609 12
609 12
609 12
610 12
610 12
610 12
610 12
610 12
610 12
610 12
610 12
610 12
610 12
610 11
610 11
610 12
610 12
610 12
610 12
610 12
610 12
610 12
610 12
610 12
610 12
610 12
609 13
609 13
608 13
608 14
607 14
607 14
606 14
606 15
606 15
605 15
605 15
605 15
605 15
605 15
605 15
605 15
605 15
605 15
605 15
605 15
605 15
605 15
605 15
605 16
604 16
602 17
600 18
604 16
608 13
608 14
607 14
603 17
603 16
599 19
601 18
599 19
601 18
601 18
602 17
604 16
605 16
605 15
605 16
604 16
605 15
607 14
608 13
608 13
609 13
608 14
607 14
607 14
603 16
602 17
603 17
601 18
603 17
602 17
599 19
597 21
602 17
602 17
604 16
603 17
602 17
601 18
602 17
603 16
605 15
605 15
606 14
607 14
607 14
606 14
606 14
607 14
609 12
611 11
609 12
610 12
610 12
611 11
613 10
615 8
615 8
614 9
614 9
613 9
613 10
612 10
612 11
611 11
611 11
610 12
610 12
609 13
607 14
606 15
605 15
605 15
605 15
604 16
604 16
604 16
605 15
605 15
606 15
606 15
605 15
603 16
602 17
600 18
600 18
600 19
599 19
595 22
597 20
599 19
600 18
602 17
603 16
604 16
606 15
607 14
609 13
609 13
607 14
604 15
605 15
607 14
608 13
607 14
607 14
609 13
606 15
605 15
606 14
603 16
603 16
600 18
601 17
603 16
604 16
609 13
614 9
621 5
626 2
632 0
634 -2
637 -3
643 -7
642 -6
620 6
614 10
612 11
607 14
606 14
605 15
604 15
603 16
602 16
603 16
603 16
626 2
607 14
605 15
606 14
630 0
629 0
604 15
605 15
629 0
606 14
607 13
609 12
611 11
613 10
614 9
616 8
618 7
620 6
621 4
623 3
623 4
622 4
622 4
621 5
620 5
619 6
618 6
618 7
618 7
618 7
617 7
618 7
619 6
619 6
619 6
619 6
619 6
619 6
619 6
620 5
622 4
623 3
622 4
622 4
622 4
621 5
624 3
627 1
630 0
633 -1
636 -3
639 -5
639 -5
639 -5
638 -5
638 -5
638 -5
638 -5
638 -5
638 -5
638 -5
638 -5
638 -5
638 -5
638 -5
638 -5
638 -5
638 -4
638 -4
638 -5
639 -5
639 -5
639 -6
640 -6
640 -6
641 -6
641 -7
642 -7
642 -7
643 -7
643 -8
642 -7
642 -7
642 -7
642 -7
643 -7
643 -8
643 -8
642 -7
642 -7
641 -6
640 -6
640 -5
641 -6
642 -6
641 -6
639 -5
638 -4
637 -4
641 -6
641 -6
640 -5
639 -5
638 -4
637 -3
636 -3
640 -5
639 -5
639 -5
637 -3
635 -2
634 -1
634 -1
635 -2
636 -3
637 -3
635 -2
635 -2
636 -2
635 -2
634 -1
633 -1
632 0
630 0
629 1
631 0
632 -1
630 0
627 2
627 2
626 2
625 3
625 3
623 4
621 5
619 7
623 4
622 5
621 5
616 8
617 8
617 8
617 8
616 8
616 8
618 7
615 9
616 9
617 8
618 7
619 7
620 6
623 4
623 4
623 4
622 5
624 4
625 3
626 2
627 1
627 1
628 1
629 0
630 0
631 0
630 0
632 0
631 0
630 0
630 0
631 0
631 0
632 0
632 0
632 -1
633 -1
631 0
631 0
631 0
630 0
631 0
632 0
633 -1
633 -1
633 -1
633 0
634 -1
633 0
631 0
630 0
631 0
633 0
634 -1
635 -2
635 -1
634 -1
632 0
633 -1
635 -2
635 -2
635 -2
636 -2
634 -1
635 -2
635 -2
635 -2
636 -2
636 -2
635 -2
635 -2
635 -2
635 -2
635 -2
635 -2
635 -2
635 -2
636 -2
637 -3
638 -3
639 -4
640 -4
641 -5
642 -6
643 -6
644 -7
645 -8
646 -8
646 -8
647 -9
648 -9
648 -9
649 -10
650 -10
650 -11
651 -11
652 -11
652 -12
653 -12
653 -12
654 -13
655 -13
655 -13
656 -14
657 -14
657 -14
658 -15
659 -15
659 -16
660 -16
661 -16
661 -17
662 -17
663 -17
663 -18
664 -18
665 -18
665 -19
666 -19
666 -19
666 -19
666 -19
666 -19
665 -19
665 -19
665 -18
666 -19
666 -19
666 -19
665 -18
663 -17
660 -15
658 -14
661 -16
665 -19
666 -20
664 -18
666 -19
667 -20
667 -20
666 -19
665 -18
659 -15
653 -12
657 -14
661 -16
659 -15
656 -13
653 -12
661 -16
665 -19
652 -11
660 -16
658 -14
659 -15
659 -15
661 -16
661 -16
661 -16
663 -17
665 -19
665 -18
664 -18
667 -20
667 -20
667 -20
666 -20
664 -18
664 -18
646 -7
666 -19
666 -19
672 -23
669 -21
668 -21
646 -8
647 -8
647 -8
648 -9
649 -10
647 -8
647 -8
649 -9
649 -10
652 -12
512 62
512 63
512 63
512 63
511 64
511 64
511 64
511 64
510 65
510 65
511 65
510 65
509 65
510 65
511 65
510 65
511 64
509 65
510 64
509 65
510 65
510 65
509 65
509 65
511 64
516 61
515 61
515 61
515 61
512 63
516 61
514 61
518 59
520 58
520 58
520 58
520 58
517 59
519 58
519 58
519 58
519 58
520 58
522 57
522 57
522 57
521 57
521 58
522 57
522 57
524 56
524 56
525 56
523 57
521 58
521 57
521 58
519 59
522 57
521 58
522 57
522 57
522 57
524 56
523 57
523 57
522 57
523 57
524 56
525 56
526 55
526 55
526 55
527 54
527 54
527 54
527 54
526 55
526 55
527 54
528 54
530 52
532 51
531 52
530 52
528 54
526 55
527 54
526 55
524 56
525 56
526 55
526 55
526 55
527 54
527 54
528 53
527 54
528 54
525 55
528 54
526 55
526 55
524 56
524 56
523 57
523 57
523 57
523 57
523 57
523 57
523 57
523 57
523 57
522 57
523 57
523 57
523 57
523 57
523 57
523 57
523 57
523 57
523 57
524 57
524 56
484 75
485 75
486 75
486 75
487 74
487 74
488 74
488 74
489 73
489 73
490 73
490 72
491 72
491 72
492 72
493 71
493 71
494 71
494 71
495 70
495 70
496 70
496 70
497 69
497 69
498 69
499 69
499 68
500 68
500 68
500 68
501 68
501 67
501 67
501 67
501 67
502 67
502 67
502 67
502 67
502 67
503 67
503 66
503 66
503 66
503 66
503 66
504 66
504 66
504 66
504 66
504 66
505 65
505 65
505 65
505 65
505 65
506 65
506 65
506 65
506 65
506 65
507 64
507 64
507 64
507 64
507 64
508 64
508 64
508 64
508 64
508 64
509 64
509 63
509 63
509 63
509 63
509 63
509 64
508 64
508 64
508 64
507 65
507 65
507 65
506 65
506 66
506 66
505 66
505 66
505 67
504 67
504 67
504 67
503 68
503 68
503 68
502 68
502 69
502 69
501 69
501 69
501 70
500 70
500 70
500 70
499 71
499 71
499 71
499 71
499 71
499 71
499 71
499 71
499 71
499 71
499 71
499 71
499 71
499 71
499 71
499 71
499 71
499 71
499 71
499 71
499 71
499 71
499 71
499 71
499 71
500 71
500 71
500 70
500 70
501 70
502 69
503 69
503 68
504 68
504 68
504 68
503 69
501 70
500 70
500 70
500 71
499 71
503 69
503 68
502 69
504 68
503 69
501 70
505 66
501 70
501 70
501 70
499 71
500 70
502 69
503 68
500 70
504 68
500 70
507 65
506 66
504 67
502 69
500 70
496 72
496 72
496 72
496 72
496 72
496 72
497 72
497 72
497 72
497 72
497 72
497 72
497 72
497 72
497 72
497 72
497 72
497 72
497 72
497 72
497 72
497 72
497 72
497 72
496 72
496 73
496 73
496 73
496 73
495 73
495 73
495 73
495 73
495 73
494 74
493 74
494 74
494 74
495 73
493 74
497 72
497 72
499 71
498 71
497 72
498 72
498 71
498 71
497 72
498 71
502 69
503 68
504 68
505 67
506 67
507 66
504 67
502 69
500 70
502 68
500 70
499 71
501 69
505 67
503 68
501 69
500 70
497 71
501 69
500 70
500 70
500 70
500 70
502 69
502 69
502 69
502 69
502 69
502 69
503 69
503 69
503 69
505 67
505 67
506 67
505 67
505 67
505 67
505 67
504 68
504 68
505 67
506 67
506 66
506 67
506 67
506 67
507 66
507 66
506 67
506 67
507 66
507 66
509 65
507 66
507 66
507 67
507 66
507 66
508 65
506 66
506 66
507 66
507 66
507 66
506 66
506 67
506 67
506 67
505 67
505 67
506 67
507 66
504 68
504 68
506 67
506 67
506 67
507 67
506 67
505 67
505 67
504 68
502 69
502 69
501 70
503 69
503 69
505 68
500 71
496 73
491 76
487 79
503 69
503 69
504 68
504 68
504 68
504 68
504 68
505 68
504 68
504 68
505 68
505 68
504 68
504 68
504 69
503 69
502 69
502 70
501 70
502 70
503 69
503 69
504 68
505 68
506 67
506 67
506 67
506 67
507 67
507 67
507 66
508 66
508 66
508 66
509 66
509 66
508 66
508 66
507 67
506 67
508 66
509 66
509 65
510 65
510 65
510 64
511 64
512 64
511 64
511 64
511 64
510 64
510 64
510 64
509 64
509 64
509 64
508 64
508 65
508 65
507 65
507 65
509 64
511 64
510 63
512 62
512 62
509 63
510 63
508 64
508 64
513 62
513 62
513 63
512 62
514 62
511 62
514 62
514 62
514 61
514 61
515 60
516 60
517 59
517 60
516 60
516 60
516 61
517 60
514 61
514 61
515 62
514 61
514 61
514 61
515 61
515 61
515 61
515 61
515 61
515 61
515 61
516 61
516 61
516 61
516 60
516 60
516 60
516 60
516 60
516 60
517 60
517 59
517 59
517 59
517 59
517 59
521 57
523 56
523 55
524 55
525 55
522 56
522 56
522 56
522 56
522 56
523 56
523 56
523 55
523 55
524 55
524 55
524 55
525 55
525 55
525 55
527 54
526 54
525 55
526 55
527 54
529 53
529 53
529 53
529 53
529 53
529 53
529 53
528 53
528 53
528 54
530 52
531 52
531 52
532 51
532 51
532 51
532 51
532 51
532 51
533 51
534 51
534 50
536 49
536 49
534 50
534 50
533 50
533 51
535 50
534 50
534 50
535 50
536 49
537 49
536 49
536 49
538 48
538 48
536 49
537 49
536 49
535 50
538 48
536 49
537 49
537 49
538 48
537 49
539 48
538 48
539 48
538 48
537 49
536 49
536 49
537 49
534 51
535 50
535 50
536 50
536 50
536 50
534 51
536 50
534 51
534 51
534 51
533 51
534 51
535 51
535 50
535 50
538 49
535 50
534 51
534 51
533 51
532 52
532 52
532 51
533 51
533 51
533 51
533 51
533 51
533 51
533 51
533 51
534 51
534 51
533 51
533 51
533 51
533 51
534 51
534 51
534 50
534 50
535 50
535 50
535 50
535 50
535 50
536 50
536 50
536 49
536 49
536 49
536 49
537 49
537 49
537 49
537 49
537 49
537 49
538 49
538 48
538 49
538 49
537 49
537 49
536 49
538 48
537 49
537 49
536 49
536 49
536 49
536 50
535 50
535 50
535 50
534 50
534 50
534 50
536 49
538 48
538 48
537 49
536 49
536 49
536 49
536 49
537 49
536 49
536 49
536 49
536 49
536 49
536 50
536 50
536 50
535 50
535 50
535 50
536 49
538 48
540 47
540 47
539 48
538 48
537 49
536 49
536 50
535 50
535 50
534 51
534 51
533 51
533 51
532 51
533 51
533 51
533 51
534 50
534 50
535 50
535 50
536 49
536 49
537 49
537 49
537 48
538 48
538 48
539 48
539 47
540 47
540 47
541 47
541 46
541 46
542 46
542 46
543 45
543 45
544 45
544 45
545 44
545 44
545 44
546 44
546 43
547 43
547 43
548 43
548 42
549 42
549 42
540 47
551 41
551 41
552 40
552 40
552 40
552 40
553 40
553 40
553 39
553 39
554 39
554 39
554 39
554 39
555 38
555 38
555 38
556 38
556 38
556 38
556 37
557 37
557 37
557 37
557 37
558 36
558 36
558 36
558 36
559 36
559 36
559 35
559 35
560 35
560 35
560 35
560 35
561 34
561 34
561 34
562 34
562 34
562 34
562 33
563 33
563 33
563 33
563 33
564 33
564 32
564 32
564 32
564 32
565 32
565 32
565 32
565 32
565 31
565 31
565 31
566 31
566 31
566 31
566 31
566 31
566 31
567 30
567 30
567 30
567 30
567 30
567 30
568 30
568 30
568 30
568 29
568 29
568 29
569 29
569 29
569 29
569 29
569 29
569 29
570 28
570 28
570 28
570 28
570 28
571 28
571 28
571 28
571 27
571 27
571 27
572 27
572 27
572 27
572 27
572 27
572 27
573 26
573 26
572 26
572 27
572 27
572 27
571 27
571 27
571 28
571 28
570 28
570 28
570 28
569 28
569 29
569 29
569 29
568 29
568 29
568 29
568 30
567 30
567 30
567 30
567 30
566 30
566 31
566 31
565 31
564 32
567 30
570 28
573 27
576 25
574 26
572 27
569 29
567 30
565 31
563 32
561 33
559 35
557 36
554 37
552 38
552 39
552 39
552 39
552 39
552 39
552 39
552 39
551 39
552 39
553 38
554 38
555 37
555 37
556 36
557 36
557 35
557 37
556 37
557 36
557 36
557 36
558 35
558 35
558 35
559 35
559 34
559 34
560 34
560 33
558 35
558 35
558 35
558 35
557 35
558 35
558 35
559 34
559 34
560 34
560 34
561 33
561 33
562 33
562 32
563 32
563 32
564 32
564 31
565 31
565 31
566 31
566 30
567 30
567 30
568 29
569 29
569 29
570 29
570 28
571 28
571 28
572 27
572 27
573 27
573 27
574 26
575 25
571 29
573 27
573 27
572 28
573 27
576 25
573 28
574 27
574 27
575 26
575 26
575 26
575 26
575 26
576 26
576 26
577 26
577 26
577 26
578 26
578 25
578 25
579 25
579 25
580 25
580 24
580 24
581 24
581 24
581 24
582 24
582 23
583 23
583 23
583 23
584 23
584 22
585 22
586 21
588 20
590 20
591 19
593 18
595 17
596 16
594 17
596 16
597 15
598 15
599 14
599 14
600 13
598 15
598 15
600 14
598 15
598 15
598 15
598 15
598 15
598 15
598 15
598 15
598 15
598 15
598 15
598 15
597 15
597 15
597 15
597 15
597 15
590 19
582 24
588 21
593 17
593 17
593 17
593 17
593 17
593 17
593 17
593 17
593 17
593 17
593 17
593 17
593 17
593 17
593 17
593 17
592 18
592 18
592 18
591 18
591 18
591 18
590 19
590 19
590 19
589 19
589 19
588 19
588 20
588 20
587 20
587 20
587 20
586 21
586 21
586 21
585 21
585 21
585 21
584 22
584 22
583 22
583 22
511 99
512 99
512 99
513 98
515 97
517 96
519 95
521 94
519 95
518 96
518 96
518 96
517 97
517 97
517 97
516 97
516 98
515 98
515 98
515 98
514 99
514 99
514 99
513 99
513 100
512 100
512 100
512 101
511 101
511 101
511 101
502 106
502 106
500 108
500 108
499 108
499 108
507 104
508 103
508 103
508 103
509 103
500 108
508 103
508 104
507 104
508 104
509 103
509 103
507 104
508 104
508 104
509 104
510 103
509 104
510 103
510 103
510 104
510 103
510 103
511 103
511 103
510 104
508 104
508 105
508 105
509 104
509 104
508 105
507 105
507 106
506 106
504 107
501 109
502 108
501 109
501 109
500 109
500 110
499 110
488 116
498 110
498 111
497 111
497 111
497 111
496 112
496 112
496 112
495 112
495 112
494 113
494 113
495 112
494 112
494 113
496 112
497 112
495 112
492 114
492 114
491 114
492 114
493 114
494 113
492 114
491 114
492 114
492 114
1166 -241
1164 -240
1161 -239
1159 -237
1160 -238
1161 -238
1162 -239
1163 -240
1165 -240
1166 -241
1158 -237
1163 -240
1169 -243
1176 -246
1163 -240
1165 -240
1166 -241
1167 -242
1168 -242
1169 -243
1171 -244
1172 -244
1173 -245
1174 -246
1176 -246
1163 -240
1152 -233
1140 -227
1126 -219
1112 -212
1110 -211
1109 -210
1108 -209
1106 -209
1105 -208
1104 -207
1103 -207
1101 -206
1100 -205
1099 -205
1097 -204
1096 -203
1095 -202
1094 -202
1092 -201
1091 -200
1090 -200
1089 -199
1087 -198
1086 -198
1085 -197
1084 -196
1082 -196
1081 -195
1080 -194
1079 -194
1077 -193
1076 -192
1075 -192
1074 -191
1072 -190
1071 -190
1070 -189
1069 -188
1068 -188
1066 -187
1065 -186
1064 -186
1063 -185
1062 -184
1060 -184
1059 -183
1058 -183
1057 -182
1056 -181
1055 -181
1053 -180
1052 -179
1051 -179
1050 -178
1049 -177
1048 -177
1046 -176
1045 -176
1044 -175
1043 -174
1042 -174
1041 -173
1040 -173
1038 -172
1037 -171
1036 -171
1035 -170
1034 -169
1035 -170
1035 -170
1036 -171
1037 -171
1038 -171
1038 -172
1039 -172
1040 -173
1041 -173
1041 -173
1042 -174
1043 -174
1044 -175
1044 -175
1045 -175
1046 -176
1047 -176
1047 -177
1048 -177
1049 -178
1050 -178
1050 -178
1051 -179
1052 -179
1053 -180
1053 -180
1054 -180
1055 -181
1056 -181
1056 -182
1057 -182
1058 -182
1059 -183
1060 -183
1060 -184
1061 -184
1062 -185
1063 -185
1063 -185
1064 -186
1065 -186
1066 -187
1067 -187
1067 -188
1068 -188
1069 -188
1070 -189
1071 -189
1071 -190
1072 -190
1073 -191
1074 -191
1074 -191
1075 -192
1076 -192
1077 -193
1078 -193
1079 -194
1079 -194
1080 -194
1081 -195
1082 -195
1083 -196
1083 -196
1084 -197
1085 -197
1086 -197
1087 -198
1087 -198
1088 -199
1089 -199
1090 -200
1091 -200
1092 -201
1092 -201
391 160
393 159
395 158
390 161
388 161
394 158
394 158
393 159
395 157
396 156
397 156
398 156
399 155
401 153
407 150
401 153
402 153
403 153
407 150
400 154
398 155
397 156
398 155
399 154
406 151
411 147
411 148
408 149
405 151
411 147
415 145
413 146
414 145
413 146
413 146
411 147
408 148
408 148
406 149
405 150
409 148
409 147
410 147
411 146
410 147
408 147
411 146
413 144
416 143
418 142
418 142
418 142
417 142
415 143
414 144
418 141
419 141
420 140
413 144
416 143
419 141
419 140
420 140
421 139
420 140
420 139
425 137
424 137
423 138
421 138
420 138
421 138
421 138
428 134
426 136
423 137
421 139
423 137
422 138
423 137
423 137
423 137
424 137
424 136
424 136
426 135
425 135
424 136
426 134
427 134
427 134
427 133
420 137
426 134
427 133
419 138
420 137
428 132
424 134
425 134
424 134
423 135
422 135
423 134
423 134
423 134
423 134
423 134
423 134
423 134
422 134
421 135
420 135
418 137
415 138
416 137
416 137
417 137
419 135
419 135
421 134
422 134
422 133
421 134
421 134
421 134
423 133
423 132
424 132
420 134
419 134
418 135
412 138
419 134
419 134
419 134
419 134
418 134
418 134
418 134
418 135
418 135
418 135
418 135
417 135
417 135
417 135
417 135
417 135
417 135
417 135
416 135
416 135
416 135
416 135
416 135
416 135
416 136
415 136
415 136
415 136
415 136
415 136
411 138
415 136
416 135
416 135
416 135
417 135
420 133
420 133
420 133
421 133
421 133
419 134
418 134
419 134
421 133
422 132
424 131
428 129
427 129
431 127
432 127
434 126
434 126
434 126
435 126
437 125
439 124
436 125
436 126
485 118
486 117
486 117
487 117
487 117
487 117
488 117
488 116
489 116
489 116
489 116
490 116
490 115
491 115
491 115
492 115
492 115
492 114
493 114
493 114
494 114
494 114
494 113
495 113
495 113
496 113
496 113
496 112
497 112
498 112
499 111
506 108
510 106
510 106
508 107
507 108
499 112
507 108
506 108
506 108
506 108
504 109
502 110
500 111
499 112
495 114
493 115
491 116
491 116
490 117
495 115
488 118
493 115
492 116
493 115
486 120
492 116
487 119
487 119
486 120
485 120
483 121
481 122
479 123
487 119
485 120
484 120
481 122
481 122
480 123
480 123
484 121
485 120
485 120
482 121
487 118
486 119
486 119
486 119
486 119
486 119
486 119
486 119
485 119
485 119
484 120
483 120
483 120
482 121
486 118
484 119
485 119
481 121
486 118
485 119
485 119
483 120
478 123
483 120
484 119
483 120
484 119
484 119
484 119
483 119
483 120
485 119
484 119
485 119
481 121
486 118
487 117
488 117
489 116
490 116
492 115
493 115
494 114
494 114
495 113
497 112
497 112
497 113
496 113
496 113
496 113
497 113
497 112
497 112
498 112
498 112
498 112
496 113
498 112
497 112
499 111
499 111
499 111
500 111
500 111
499 111
501 110
501 110
501 110
502 110
500 110
502 109
502 109
501 110
501 110
503 108
504 108
503 108
506 107
505 107
504 108
503 108
504 107
502 108
503 108
502 108
503 108
501 109
498 111
497 111
502 108
501 109
495 112
495 112
494 113
493 114
500 109
500 109
492 114
500 109
501 109
500 109
500 109
500 109
500 109
500 109
500 109
500 109
500 109
500 109
500 109
500 109
500 109
500 109
500 109
500 109
500 109
500 109
500 109
500 109
500 109
500 109
500 109
500 109
500 110
500 109
500 110
500 110
499 110
499 110
499 110
499 110
499 110
499 110
500 109
500 110
500 109
500 109
500 109
500 109
500 109
500 109
500 109
501 109
501 109
501 109
500 109
500 110
499 110
498 110
499 110
499 110
499 110
499 110
499 110
499 110
499 110
499 110
499 110
498 110
498 110
498 110
498 110
498 110
498 110
498 110
498 110
498 110
498 110
498 110
498 110
498 110
498 110
498 110
498 110
498 110
498 110
498 110
498 110
498 110
498 110
498 110
498 110
498 110
499 110
499 110
499 110
499 110
498 110
496 112
496 112
497 111
497 111
498 111
498 111
497 111
497 111
497 111
498 111
498 111
498 110
498 110
498 110
497 111
498 110
498 110
498 110
498 111
498 111
497 111
497 111
497 111
497 111
497 111
497 111
497 111
497 111
497 111
498 111
498 111
497 111
497 111
497 111
497 111
498 110
498 110
498 110
498 110
499 110
499 110
499 110
500 109
500 109
501 109
501 108
502 108
503 108
504 107
504 107
504 107
505 107
507 105
506 106
508 105
507 105
508 105
510 104
509 104
510 104
510 104
511 103
512 103
512 103
512 103
514 102
513 102
512 102
513 102
507 105
515 101
513 102
514 102
514 102
513 103
513 102
513 102
513 102
514 102
513 102
512 103
512 103
511 103
512 103
512 103
513 102
512 103
513 102
513 102
512 103
513 102
513 102
514 102
515 101
515 101
516 100
514 101
514 101
515 101
516 100
513 101
514 101
514 101
514 101
514 101
514 101
515 101
515 101
514 101
515 101
515 100
513 101
516 100
515 100
514 101
514 101
514 101
514 100
515 100
516 100
516 99
515 100
515 100
516 100
517 99
516 100
515 100
516 100
515 100
515 100
516 100
515 100
516 100
515 100
515 100
512 102
512 102
515 100
516 100
518 99
517 100
520 98
520 98
520 98
520 98
520 98
521 98
522 97
520 98
521 98
523 96
523 97
523 96
519 99
514 101
518 99
521 98
524 96
526 95
526 95
526 95
527 94
527 94
527 94
527 94
527 94
527 94
526 95
526 95
526 95
526 95
526 95
526 95
526 95
525 95
526 95
527 94
527 94
528 94
528 94
528 93
528 93
529 93
529 93
529 93
529 93
529 93
528 93
528 93
528 93
531 91
531 91
531 91
531 91
531 91
531 91
531 91
531 91
531 91
530 92
530 92
530 92
530 92
530 92
530 92
530 92
530 92
530 92
529 92
529 92
529 92
529 92
529 92
529 92
529 92
529 92
529 92
528 93
528 93
528 93
528 93
528 93
528 93
528 93
528 93
528 93
527 93
527 93
527 93
527 93
527 93
528 93
528 93
528 93
528 93
528 93
528 93
528 93
528 93
528 92
528 92
528 93
528 93
528 92
529 92
529 92
528 92
528 93
528 93
528 93
527 93
527 93
527 93
527 93
526 93
526 94
526 94
526 94
525 94
525 94
526 94
526 93
527 93
527 93
528 93
528 92
529 92
530 92
530 91
531 91
531 91
532 91
529 92
530 91
529 92
530 92
531 91
532 91
533 90
533 90
533 90
533 90
533 90
534 90
534 90
534 90
534 89
534 89
534 89
535 89
525 95
525 95
526 94
526 94
526 94
527 94
527 94
527 93
528 93
528 93
529 93
529 92
529 92
530 92
530 92
531 92
531 91
531 91
532 91
532 91
532 91
533 90
533 90
534 90
534 90
534 89
535 89
535 89
536 89
536 89
536 88
537 88
537 88
538 88
538 87
538 87
539 87
539 87
540 87
540 86
540 86
541 86
541 86
542 85
542 85
542 85
543 85
543 84
544 84
544 84
544 84
545 84
545 83
546 83
546 83
546 83
547 82
546 83
546 83
546 83
545 83
545 84
544 84
544 84
543 84
543 85
542 85
542 85
541 85
541 86
541 86
540 86
540 87
539 87
539 87
538 87
538 88
537 88
537 88
536 88
536 89
536 89
535 89
535 89
534 90
534 90
533 90
533 90
533 91
533 90
533 90
534 90
534 90
534 89
535 89
535 89
536 89
536 89
536 88
537 88
537 88
537 88
538 87
538 87
539 87
539 87
539 86
540 86
540 86
540 86
541 86
541 85
542 85
541 85
540 86
540 86
540 86
539 86
539 86
539 87
538 87
537 87
537 88
536 88
535 88
535 89
534 89
534 89
533 89
533 90
533 90
533 90
533 90
533 89
534 89
535 89
535 88
536 88
537 88
537 87
538 87
538 87
539 86
539 86
540 86
540 86
540 86
540 86
540 86
540 86
540 86
541 85
541 85
541 85
541 85
541 85
541 85
541 85
541 85
542 85
542 85
541 85
540 86
540 86
539 87
539 87
538 87
538 87
537 88
536 88
536 89
535 89
535 89
534 90
534 90
534 90
534 90
533 90
533 90
533 90
534 90
534 90
534 90
534 90
533 90
533 90
533 90
379 159
379 159
379 159
378 159
378 159
378 159
378 159
378 159
378 159
378 159
378 159
378 158
378 158
378 158
378 158
378 158
378 158
378 158
378 158
378 158
377 158
377 159
377 159
377 159
377 159
376 159
376 159
376 159
376 159
375 159
375 160
375 160
375 160
375 160
374 160
374 160
374 160
374 160
373 160
373 161
373 161
373 161
373 161
372 161
372 161
372 161
372 161
371 161
371 161
371 162
371 162
371 162
370 162
370 162
370 162
370 162
369 162
369 162
369 163
369 163
369 163
368 163
368 163
368 163
368 163
367 163
367 163
367 164
367 164
367 164
366 164
366 164
366 164
366 164
365 164
365 164
365 165
365 165
365 165
364 165
364 165
364 165
364 165
363 166
362 166
361 166
361 166
361 166
361 166
361 166
361 166
360 166
360 166
360 166
360 166
360 167
360 167
360 167
360 167
360 167
360 167
360 167
360 167
360 167
360 167
359 167
359 167
359 167
359 167
476 125
476 125
476 125
477 125
477 125
477 124
478 124
478 124
478 124
479 123
479 123
480 123
480 123
480 122
480 122
480 122
480 122
480 123
480 122
481 122
481 121
481 121
481 121
481 121
481 121
481 121
481 121
481 121
481 121
481 121
481 121
481 121
481 121
481 121
481 121
481 121
481 121
481 121
481 121
481 121
481 121
481 121
481 121
481 121
481 121
481 121
481 121
482 121
484 119
484 119
485 119
485 119
485 119
485 119
485 119
485 119
485 119
485 119
485 119
485 119
485 119
485 119
483 120
483 120
483 120
483 120
483 120
483 120
484 120
484 120
484 120
484 120
484 119
484 119
484 119
484 119
485 119
485 119
485 119
485 119
485 119
485 119
485 119
485 119
485 118
486 118
486 118
486 118
486 118
486 118
486 118
486 118
486 118
486 118
487 118
487 117
487 117
487 117
487 117
487 117
487 117
487 117
487 117
488 117
488 117
488 117
488 117
488 116
488 116
488 116
488 116
489 116
489 116
488 116
489 116
489 116
490 115
490 115
489 115
489 116
488 116
490 115
489 116
488 116
488 116
489 116
489 116
489 116
489 116
491 115
489 116
489 116
491 114
491 115
491 115
491 115
491 115
490 115
490 115
491 115
491 115
490 115
491 115
491 115
491 115
491 114
491 114
491 114
491 115
493 113
491 114
491 115
491 115
491 115
491 115
491 115
491 115
491 115
491 115
491 115
490 115
490 115
490 115
491 115
489 115
489 116
489 115
489 115
489 115
489 115
489 115
490 115
488 116
490 115
491 115
491 114
489 116
489 115
489 116
489 116
490 115
490 115
490 115
490 115
489 115
490 115
490 115
490 115
489 116
490 115
490 115
490 115
490 115
490 115
490 115
491 115
491 115
491 115
491 115
491 115
491 115
489 115
490 115
490 115
489 116
489 116
489 116
489 116
489 115
489 115
490 115
490 115
490 115
490 115
490 115
490 115
490 115
490 115
493 113
491 114
489 116
489 116
489 115
489 116
488 116
490 115
489 116
489 115
489 115
489 115
490 115
490 115
490 115
490 115
490 115
490 115
490 115
491 115
491 115
491 115
491 115
491 114
491 114
491 114
491 114
491 114
491 115
490 115
490 115
490 115
490 115
490 115
489 115
489 115
489 115
489 115
489 116
488 116
488 116
488 116
488 116
488 116
487 116
487 116
487 116
487 116
487 116
486 117
486 117
486 117
486 117
486 117
485 117
485 117
485 117
485 117
485 117
484 118
484 118
484 118
484 118
484 118
483 118
483 118
483 118
483 118
483 118
482 118
482 119
482 119
482 119
482 119
481 119
481 119
481 119
481 119
481 119
481 119
480 119
480 119
480 119
481 119
478 121
482 118
480 120
479 120
478 120
477 121
476 121
475 122
474 122
473 123
472 123
471 124
470 124
469 125
469 125
465 127
464 127
463 128
461 128
460 129
460 129
460 129
459 129
459 129
459 129
459 130
458 130
458 130
457 130
456 131
456 131
455 131
455 132
454 132
454 132
453 133
453 133
452 133
451 133
451 134
450 134
451 134
451 134
452 133
452 133
452 133
453 133
453 132
454 132
454 132
455 132
453 132
452 133
454 132
454 132
454 132
454 132
454 132
454 132
454 132
454 132
453 132
453 132
454 132
456 131
456 131
455 131
455 131
455 131
454 132
453 132
452 133
451 133
452 133
453 132
453 132
452 133
454 132
453 132
452 133
455 132
454 132
454 132
453 132
454 132
454 132
454 132
454 132
454 132
456 131
455 131
455 131
455 131
457 130
455 131
457 130
456 131
459 129
459 129
455 131
455 131
455 131
455 131
455 132
455 131
454 132
454 132
454 132
454 132
455 131
455 131
454 132
453 132
453 132
454 132
453 132
454 132
455 131
454 131
456 131
458 130
454 131
454 132
454 132
456 131
454 132
453 132
453 132
454 132
454 132
453 132
454 132
458 130
458 129
455 131
455 131
456 131
457 130
457 130
457 130
454 132
454 132
454 132
454 132
454 132
454 132
453 132
453 132
454 132
452 133
452 133
453 133
451 133
452 133
453 132
454 132
455 131
456 131
458 129
460 128
459 129
460 129
461 128
461 128
461 128
460 129
457 130
457 130
457 130
456 130
456 130
456 130
456 130
456 130
457 130
460 129
460 128
460 128
461 128
461 128
459 129
457 130
456 130
459 129
458 130
459 129
459 129
460 128
461 128
461 128
461 128
462 127
461 128
461 128
462 127
461 128
461 128
462 127
462 128
462 128
464 127
463 127
463 127
462 128
464 126
463 127
464 127
465 126
467 125
467 125
467 125
468 125
466 125
464 127
462 128
463 128
464 127
463 127
462 128
464 127
463 127
464 126
465 126
466 125
469 123
469 124
470 123
468 124
473 121
476 119
477 119
480 117
481 117
479 117
479 118
478 118
478 118
468 124
478 118
477 119
477 118
470 122
471 122
472 121
473 121
465 125
465 125
466 124
472 121
472 121
471 121
468 123
468 123
473 120
473 121
476 119
477 118
476 119
477 118
477 118
477 118
478 118
474 120
481 116
474 120
474 120
481 116
476 119
483 115
483 115
484 115
482 116
483 115
483 115
483 115
483 115
483 115
484 115
484 115
484 114
484 114
484 114
485 114
485 114
486 113
487 113
488 112
489 112
490 111
490 111
490 111
490 111
489 111
489 111
489 112
488 112
488 112
487 112
486 113
487 112
488 112
487 113
793 -115
793 -115
793 -115
793 -115
793 -116
794 -116
794 -116
794 -116
794 -116
794 -116
794 -116
794 -116
794 -116
795 -117
795 -117
795 -117
795 -117
795 -117
795 -117
795 -117
795 -117
795 -117
795 -117
795 -117
795 -117
795 -117
795 -117
795 -117
795 -117
795 -117
795 -117
795 -117
795 -117
795 -117
795 -117
795 -117
795 -117
795 -117
795 -117
795 -117
795 -117
795 -117
795 -117
795 -117
795 -117
795 -117
795 -117
795 -117
795 -117
795 -117
795 -117
794 -116
793 -115
792 -115
791 -114
790 -113
791 -113
791 -114
792 -114
792 -114
792 -115
793 -115
793 -115
794 -116
794 -116
795 -116
795 -116
796 -117
796 -117
796 -117
797 -118
797 -118
797 -118
797 -118
797 -118
797 -118
797 -118
797 -118
797 -118
797 -118
797 -118
797 -118
797 -118
797 -118
797 -118
797 -117
797 -117
797 -117
797 -117
797 -117
797 -117
796 -117
797 -117
797 -117
797 -117
797 -118
797 -118
797 -118
797 -118
797 -118
797 -118
797 -118
797 -118
797 -118
797 -118
797 -118
797 -118
797 -118
797 -118
797 -118
797 -118
797 -118
797 -118
797 -118
797 -118
797 -118
797 -118
797 -118
797 -118
797 -118
797 -118
797 -118
797 -118
797 -118
797 -118
797 -118
798 -118
798 -118
798 -118
798 -118
798 -118
798 -118
798 -118
798 -118
798 -118
798 -118
798 -118
798 -118
798 -118
798 -118
798 -118
798 -118
798 -118
798 -118
798 -118
798 -118
798 -118
798 -118
798 -118
798 -118
798 -118
798 -118
798 -118
798 -118
798 -118
798 -118
798 -119
798 -119
798 -119
799 -119
799 -119
799 -119
799 -119
799 -119
799 -119
799 -119
799 -119
799 -119
799 -119
799 -119
799 -119
799 -119
799 -119
799 -119
799 -119
799 -119
798 -118
796 -117
796 -117
796 -117
796 -117
795 -117
795 -116
795 -116
795 -116
794 -116
794 -116
794 -116
794 -116
794 -115
793 -115
793 -115
793 -115
793 -115
793 -115
792 -115
792 -115
792 -114
792 -114
791 -114
791 -114
791 -114
791 -114
791 -114
791 -114
792 -114
792 -114
790 -113
788 -112
786 -111
784 -109
785 -110
786 -111
787 -112
790 -113
793 -115
794 -116
794 -116
795 -117
793 -115
790 -113
790 -114
791 -114
791 -114
790 -113
789 -113
788 -112
788 -112
790 -113
793 -115
796 -117
796 -117
795 -117
795 -117
795 -117
795 -116
795 -116
795 -116
795 -116
795 -116
795 -116
794 -116
794 -116
794 -116
794 -116
794 -116
794 -116
794 -115
794 -115
793 -115
793 -115
793 -115
793 -115
793 -115
793 -115
793 -115
793 -115
792 -115
792 -115
792 -114
792 -114
792 -114
792 -114
792 -114
792 -114
791 -114
791 -114
793 -115
794 -115
795 -116
797 -117
796 -117
797 -117
798 -118
797 -118
799 -119
795 -116
795 -116
799 -119
795 -116
793 -115
795 -116
794 -115
798 -118
794 -115
798 -118
798 -118
803 -122
800 -120
804 -122
800 -120
800 -120
801 -120
799 -119
798 -118
796 -117
796 -117
797 -118
801 -120
800 -119
801 -120
800 -119
800 -119
799 -119
796 -117
799 -119
797 -118
800 -120
797 -118
796 -117
799 -119
799 -119
796 -117
797 -118
794 -116
792 -114
794 -116
795 -116
792 -115
796 -117
799 -119
800 -119
799 -119
796 -117
797 -118
797 -118
803 -121
798 -118
799 -119
795 -117
797 -118
798 -118
798 -118
797 -117
801 -120
806 -123
801 -120
795 -116
800 -120
799 -119
799 -119
801 -120
798 -118
801 -120
803 -121
799 -119
800 -120
803 -121
802 -121
804 -122
803 -121
802 -121
801 -120
803 -121
802 -121
801 -120
797 -118
796 -117
797 -118
799 -119
796 -117
798 -118
797 -118
801 -120
795 -116
796 -117
798 -118
795 -117
797 -118
801 -120
800 -119
800 -120
798 -118
803 -121
801 -120
803 -121
802 -121
803 -122
801 -120
801 -120
797 -118
799 -119
798 -118
800 -119
799 -119
797 -118
797 -118
796 -117
796 -117
795 -116
795 -116
794 -116
795 -116
795 -116
798 -118
793 -115
797 -118
795 -116
796 -117
793 -115
792 -114
793 -115
796 -117
796 -117
795 -116
796 -117
793 -115
792 -115
790 -113
794 -116
793 -115
792 -115
791 -114
789 -113
791 -114
791 -114
790 -113
788 -112
786 -111
788 -112
785 -110
786 -111
787 -112
789 -113
789 -113
788 -112
791 -114
792 -115
789 -113
787 -112
790 -114
788 -112
786 -111
788 -112
786 -111
786 -111
790 -113
790 -114
789 -113
792 -115
785 -110
786 -111
784 -110
783 -109
781 -108
780 -107
788 -112
798 -118
810 -126
818 -131
825 -135
826 -136
827 -136
832 -139
837 -143
834 -141
829 -138
822 -133
811 -126
800 -119
799 -119
803 -121
801 -120
803 -122
806 -123
806 -123
813 -128
820 -132
821 -132
816 -130
819 -132
811 -126
814 -129
809 -125
811 -127
813 -128
818 -131
822 -134
824 -135
825 -136
827 -137
837 -143
837 -144
837 -143
837 -143
837 -144
841 -146
844 -148
843 -148
845 -149
848 -151
848 -151
848 -150
850 -152
846 -150
846 -150
846 -149
846 -149
847 -150
846 -150
845 -148
846 -149
843 -147
847 -150
845 -148
845 -148
847 -150
848 -150
849 -151
848 -150
848 -151
851 -153
854 -155
857 -157
860 -159
872 -165
871 -165
883 -173
889 -176
912 -190
920 -196
924 -198
929 -202
932 -203
930 -202
932 -203
930 -202
926 -200
922 -197
918 -195
908 -188
904 -186
902 -185
901 -184
899 -183
898 -182
897 -182
897 -182
896 -181
896 -181
895 -181
895 -180
894 -180
894 -180
893 -179
893 -179
892 -179
892 -178
891 -178
891 -178
890 -178
890 -177
889 -177
889 -177
888 -176
888 -176
888 -176
887 -175
890 -177
888 -176
886 -175
886 -175
884 -174
884 -173
883 -173
882 -172
881 -172
881 -171
880 -171
879 -170
878 -170
877 -169
879 -170
880 -171
883 -173
883 -173
883 -173
882 -173
882 -172
882 -172
882 -172
874 -167
876 -169
878 -170
875 -168
872 -166
870 -165
867 -163
865 -162
863 -160
860 -159
858 -157
862 -160
857 -157
852 -154
852 -153
851 -153
847 -150
843 -148
842 -147
841 -146
840 -146
838 -145
836 -144
835 -143
833 -142
832 -141
833 -142
835 -143
836 -144
838 -145
839 -146
841 -147
842 -148
844 -149
845 -150
847 -151
848 -152
852 -154
849 -152
847 -151
847 -151
849 -152
851 -153
853 -154
853 -155
854 -155
854 -155
854 -155
855 -156
855 -156
853 -154
852 -153
851 -153
851 -153
855 -155
852 -153
853 -154
853 -154
849 -152
854 -155
851 -153
850 -153
849 -152
849 -152
848 -151
848 -151
847 -151
847 -150
847 -150
846 -150
846 -150
845 -149
847 -150
848 -151
849 -152
850 -152
851 -153
852 -154
854 -155
855 -155
856 -156
857 -157
850 -152
854 -155
855 -155
860 -159
860 -159
862 -160
863 -161
861 -160
863 -160
864 -161
865 -162
865 -162
866 -162
867 -163
861 -160
863 -160
863 -160
863 -160
864 -161
865 -162
866 -162
866 -163
867 -163
868 -163
868 -163
866 -162
874 -167
863 -161
863 -161
869 -164
861 -159
862 -160
864 -161
865 -162
866 -163
861 -159
861 -159
865 -162
868 -163
868 -164
865 -162
863 -161
865 -162
867 -163
859 -158
862 -160
859 -158
857 -157
859 -158
861 -159
858 -157
861 -159
860 -158
861 -160
858 -157
858 -157
860 -159
861 -159
859 -158
859 -158
859 -158
860 -159
861 -159
860 -159
860 -159
859 -158
859 -158
858 -158
858 -157
857 -157
857 -157
856 -156
856 -156
855 -156
855 -155
854 -155
853 -155
853 -154
852 -153
852 -154
853 -154
853 -155
851 -153
852 -154
854 -155
853 -154
854 -155
851 -153
851 -153
852 -154
853 -154
854 -155
854 -155
856 -156
852 -153
856 -156
857 -157
851 -153
852 -154
853 -155
855 -156
852 -154
855 -156
855 -156
856 -156
857 -157
855 -156
856 -157
858 -157
857 -157
853 -154
855 -156
854 -155
853 -154
852 -154
852 -154
859 -158
859 -158
859 -158
859 -158
859 -158
859 -158
859 -158
859 -158
859 -158
860 -158
861 -159
374 173
376 171
375 172
374 172
374 172
373 172
372 172
371 173
371 173
370 173
371 172
372 171
373 171
374 169
375 169
377 167
379 166
381 165
382 164
383 163
383 163
383 163
383 164
382 164
382 164
382 164
382 164
382 164
382 164
382 164
382 164
381 164
381 164
381 165
381 165
381 165
381 165
381 165
381 165
380 165
380 165
380 165
380 165
380 165
380 166
380 166
379 166
379 166
379 166
379 166
379 166
379 166
379 166
379 166
378 166
378 167
378 167
378 167
378 167
378 167
378 167
378 167
377 167
377 167
377 167
377 167
377 168
377 168
377 168
377 168
376 168
376 168
376 168
376 168
376 168
376 168
376 168
376 169
376 169
375 169
375 169
375 169
375 169
375 169
375 169
375 169
375 169
374 169
374 169
374 170
374 170
374 170
374 170
374 170
374 170
373 170
373 170
373 170
373 170
373 170
373 170
373 171
373 171
373 171
372 171
372 171
372 171
372 171
372 171
372 171
372 171
372 171
371 172
371 172
371 172
371 172
371 172
371 172
371 172
373 170
497 71
497 71
497 71
497 71
497 71
497 71
497 71
496 71
496 71
496 71
496 71
496 71
496 71
496 71
496 71
496 71
496 71
496 71
496 71
496 71
495 71
495 71
495 71
495 71
495 71
495 71
495 71
495 71
495 71
495 71
494 72
493 72
494 71
494 71
495 71
495 71
494 71
493 72
497 69
496 70
494 71
495 71
495 71
495 71
496 70
496 70
496 70
497 70
497 70
497 69
498 69
498 69
498 69
499 69
499 68
499 68
500 68
500 68
501 67
503 66
504 66
503 66
502 67
503 66
502 67
502 67
502 67
501 67
501 67
501 67
500 67
500 68
500 68
500 68
500 68
499 68
500 68
502 67
503 66
504 66
504 66
505 65
505 65
506 64
505 65
504 65
503 66
503 66
505 65
507 63
504 66
506 64
507 64
507 64
508 63
509 63
510 62
511 61
511 62
510 62
510 62
509 62
509 62
509 62
509 62
509 62
510 62
510 62
510 62
510 62
510 62
511 62
511 62
512 61
513 61
513 61
513 61
513 61
514 60
514 60
515 60
515 60
515 60
515 60
516 59
516 60
516 60
516 59
516 59
517 59
517 59
518 58
518 58
518 58
518 58
517 59
516 59
517 59
517 59
517 59
517 59
517 59
517 59
517 59
517 59
517 59
517 59
517 59
517 59
517 59
517 59
517 59
517 59
517 59
517 59
517 59
517 59
517 59
517 59
517 59
517 59
517 59
517 59
517 59
517 59
517 59
517 59
517 59
517 59
517 59
517 59
517 59
518 58
518 58
518 58
518 58
518 58
518 58
518 58
518 58
518 58
518 58
518 58
518 58
518 58
518 58
518 58
518 58
518 58
518 58
518 58
518 58
518 58
518 58
518 58
518 58
518 58
518 59
517 59
517 59
518 59
518 58
519 58
519 58
518 59
518 58
518 59
518 59
518 59
517 59
517 59
516 60
516 59
517 59
515 60
518 59
516 60
518 58
518 58
518 58
519 58
520 57
519 58
519 58
519 58
518 58
519 58
518 59
517 59
518 59
518 58
518 58
519 58
520 57
519 58
519 58
519 58
519 58
519 58
519 58
520 58
520 57
520 57
520 57
520 57
520 58
519 58
519 58
519 58
521 57
518 58
518 58
519 58
519 58
518 58
518 59
518 59
518 59
518 59
518 59
518 59
518 59
518 59
518 59
518 59
518 59
518 59
518 58
519 58
518 59
519 58
519 58
519 58
519 58
519 58
519 58
520 57
520 57
520 57
521 57
521 57
520 57
519 58
519 58
518 58
518 59
517 59
516 60
518 58
518 58
518 58
518 58
518 58
519 58
519 58
519 58
518 58
518 59
519 58
518 58
519 58
518 58
518 59
517 59
518 59
516 60
518 59
517 59
518 59
517 59
516 60
516 60
518 59
517 59
517 59
520 57
525 54
530 52
534 49
535 48
535 48
535 48
535 48
536 47
533 49
529 52
524 55
524 54
524 54
524 55
524 55
524 55
525 54
525 54
527 53
527 53
527 53
528 52
527 53
528 53
527 53
528 53
528 52
530 51
530 51
532 50
533 49
534 49
537 47
537 47
540 45
540 45
540 45
541 44
540 44
540 45
539 45
540 45
540 44
539 45
540 44
541 44
542 43
542 43
541 44
540 45
539 45
539 45
538 45
540 45
541 44
538 45
540 45
539 45
539 45
540 45
541 44
538 46
540 45
541 44
544 42
544 42
544 42
546 41
549 39
550 38
552 37
558 33
564 29
570 26
570 26
569 26
569 26
569 27
570 26
567 28
568 27
565 29
565 29
561 31
562 30
558 33
557 33
556 34
555 35
555 35
553 36
552 37
552 37
552 36
553 36
552 37
554 35
553 35
554 35
553 36
554 34
553 36
554 35
554 35
551 37
555 34
555 34
553 36
553 36
556 34
556 34
554 36
557 34
555 35
556 34
554 35
554 35
554 35
554 35
555 34
555 34
553 36
554 35
552 37
554 35
553 36
554 36
555 35
555 34
551 37
553 36
551 37
553 36
552 37
554 35
554 35
554 35
554 35
552 37
551 37
548 39
550 37
549 38
547 40
546 40
546 40
545 41
546 39
544 41
542 43
540 44
542 42
542 42
535 47
540 44
541 43
535 47
535 47
538 45
537 45
535 46
534 47
535 47
533 49
533 49
534 48
532 49
531 50
530 51
529 51
535 46
532 49
539 44
534 48
535 48
536 47
537 46
537 46
538 45
540 44
540 44
539 44
541 43
543 42
542 43
541 43
543 42
543 42
543 42
543 42
543 42
544 42
544 41
544 41
544 41
542 42
542 42
543 42
542 43
541 43
541 44
544 42
542 43
544 41
542 43
543 42
543 42
542 43
542 43
544 42
543 42
543 42
544 42
543 42
543 42
535 48
542 42
542 43
544 42
543 42
542 42
544 41
545 40
546 40
546 40
547 39
547 39
548 39
548 39
548 39
548 39
548 39
549 39
549 39
549 39
548 40
548 40
548 40
548 40
549 40
549 39
549 39
549 39
549 39
547 41
546 41
547 41
548 40
546 42
546 42
546 42
546 42
546 42
546 42
546 42
546 41
544 43
545 42
546 41
556 34
556 34
556 34
555 34
555 34
555 34
555 34
555 34
555 34
555 34
555 34
543 43
546 41
548 40
551 38
554 36
556 34
559 32
557 34
555 35
553 37
551 38
549 39
547 41
545 42
545 42
554 35
551 37
542 44
551 37
551 37
539 45
551 37
542 44
543 43
543 43
544 43
544 42
542 44
546 41
550 38
545 42
540 45
540 45
540 45
542 44
539 46
540 45
538 47
540 45
539 46
540 45
550 38
553 36
541 44
552 36
553 36
553 36
549 39
545 42
543 43
544 43
555 35
554 35
555 35
554 36
544 42
542 44
544 43
543 43
543 43
544 42
544 42
543 43
543 43
544 43
543 43
544 43
544 42
545 42
547 41
547 41
548 40
549 40
432 131
434 131
435 130
436 129
437 129
436 129
436 129
436 129
435 130
435 130
435 130
437 128
437 128
437 128
441 126
440 127
441 125
442 125
441 125
444 123
443 124
443 124
444 124
443 124
444 124
445 122
445 122
446 122
445 122
446 122
444 123
445 122
444 123
444 123
446 122
446 122
443 124
444 124
445 123
448 121
449 120
448 121
447 121
447 121
448 121
448 120
447 121
447 121
448 121
449 120
449 120
449 120
448 121
450 120
452 119
455 117
454 117
456 115
457 115
457 115
457 115
457 115
456 115
457 115
458 114
457 115
458 115
459 114
459 114
461 113
462 112
461 113
462 112
463 112
463 112
464 111
465 111
464 111
464 111
464 111
464 111
463 111
463 111
463 111
463 111
464 111
465 110
466 110
467 109
468 109
469 108
469 108
469 108
470 107
470 107
471 107
471 107
471 107
472 106
472 106
472 106
473 106
473 105
473 105
474 105
474 105
475 104
475 104
475 104
476 104
476 104
476 103
477 103
477 103
478 103
478 102
478 102
479 102
479 102
480 101
480 101
480 101
481 101
481 100
481 100
480 101
481 100
484 99
485 98
484 98
484 99
483 99
482 100
481 100
480 100
480 101
480 101
482 99
484 98
482 99
483 99
482 99
482 99
485 97
488 96
487 96
487 96
487 96
487 96
487 96
487 96
487 96
486 97
485 98
485 97
486 97
488 95
489 95
488 95
489 95
486 96
487 96
485 97
484 97
485 97
485 97
483 98
483 98
482 98
484 98
483 98
487 96
486 96
485 97
485 97
486 96
488 95
488 95
488 95
487 95
485 96
483 97
484 97
485 96
486 96
484 97
486 96
485 97
486 96
488 94
489 94
490 93
490 93
490 93
493 92
491 93
488 94
487 95
486 95
485 96
484 97
485 96
485 96
486 96
489 94
486 96
488 94
489 94
490 93
491 93
492 92
491 93
491 93
491 93
489 94
488 94
486 95
486 95
487 95
488 94
486 96
486 95
485 96
487 95
489 93
491 92
489 93
490 93
491 92
491 92
495 90
491 92
490 92
488 94
487 94
487 95
487 94
488 94
488 94
489 93
489 93
489 93
488 93
488 94
490 92
492 91
491 91
491 92
488 93
486 95
487 94
488 93
488 94
490 93
489 93
490 92
490 92
489 93
489 93
489 92
490 92
490 92
489 93
488 93
488 93
487 94
487 94
487 93
488 93
488 93
488 93
488 93
488 93
488 93
490 91
492 90
490 92
490 92
490 91
491 91
491 91
491 91
491 91
491 91
491 91
491 91
491 91
491 91
491 91
491 91
491 91
431 127
431 127
431 127
431 127
431 127
433 126
431 127
431 127
430 127
430 127
430 128
430 127
429 128
429 128
430 127
429 128
429 128
429 128
429 128
432 126
428 128
430 127
432 126
430 127
430 127
428 128
428 129
431 126
431 126
430 127
428 129
428 128
429 128
429 128
431 127
430 127
431 126
431 127
431 126
431 126
428 128
431 126
432 126
431 126
432 126
431 126
431 127
428 129
426 130
430 127
431 127
430 127
431 126
429 128
432 126
431 126
431 127
431 127
430 127
430 128
430 128
431 127
431 127
432 126
433 126
433 126
433 126
433 126
433 126
433 126
433 126
433 126
433 126
432 126
432 126
432 126
432 126
432 126
432 126
432 127
432 127
432 127
432 127
432 127
432 127
431 127
431 127
431 127
431 127
431 127
431 127
431 127
431 127
431 127
431 127
431 127
430 127
430 127
430 127
430 127
430 127
430 127
430 127
430 128
430 128
430 128
430 128
430 128
430 128
430 128
430 128
430 127
430 127
430 128
429 128
430 128
430 128
430 127
431 127
431 127
431 127
432 127
432 126
432 126
432 126
432 126
432 126
432 126
432 127
432 127
432 127
432 127
432 127
432 127
432 127
432 127
432 127
432 127
432 127
432 127
431 127
431 127
430 128
430 128
430 128
430 128
430 128
430 127
431 127
431 127
431 127
431 127
431 127
431 127
432 127
432 127
432 126
432 126
432 126
432 126
432 126
432 126
432 126
432 126
432 127
432 127
432 126
433 126
433 126
433 126
432 126
432 127
431 127
431 127
431 127
432 126
432 126
432 126
432 126
432 127
431 127
431 127
431 127
431 127
431 127
431 127
431 127
431 127
431 127
431 127
431 127
431 127
429 128
428 129
430 128
432 127
431 127
430 127
432 126
430 127
431 127
430 127
429 128
431 127
430 128
429 128
429 128
429 128
430 128
430 127
431 127
431 127
430 127
429 128
431 127
430 127
427 129
428 128
426 130
428 128
428 129
427 129
427 129
429 128
430 128
429 128
429 128
428 128
428 129
429 128
426 130
426 130
426 130
428 129
431 127
434 125
434 125
436 124
438 123
438 123
439 122
440 122
438 123
439 122
434 125
433 126
434 125
433 125
433 125
433 126
434 125
434 125
432 126
435 125
433 126
436 124
435 125
433 125
431 127
435 124
435 124
435 124
433 126
434 125
438 123
437 123
437 123
440 121
439 122
440 121
441 121
442 120
442 120
442 120
442 120
442 120
441 121
439 122
441 121
442 120
440 121
438 123
442 120
442 120
439 121
441 121
436 123
437 123
441 120
442 120
440 121
440 121
441 121
442 120
443 119
443 120
443 120
440 122
439 122
443 119
442 120
445 118
444 119
443 119
448 117
448 117
453 114
456 112
456 112
458 111
454 113
458 110
454 113
457 111
457 111
454 113
451 114
453 113
452 114
450 115
449 116
446 118
446 118
449 116
448 117
445 118
445 118
444 119
444 119
445 119
442 120
448 117
447 117
447 117
447 117
448 116
448 116
445 118
447 117
445 118
447 117
444 119
447 117
448 117
448 117
447 117
448 116
445 118
448 116
445 118
446 118
445 118
447 117
447 117
447 117
445 118
444 119
444 119
443 119
444 119
444 119
444 119
445 118
446 118
443 119
444 119
445 118
444 118
443 119
444 119
443 119
443 120
442 120
444 119
441 120
443 119
442 120
443 119
441 120
443 119
439 121
442 120
440 121
439 122
441 121
439 122
438 122
437 123
436 123
436 123
435 124
436 123
436 124
435 124
435 124
437 123
435 124
435 124
435 124
435 124
435 124
435 124
435 124
436 124
436 124
436 123
436 123
437 123
437 122
439 121
438 123
439 122
439 122
439 122
439 122
438 122
438 122
439 122
439 122
438 122
438 122
438 122
438 122
439 121
440 121
440 121
440 121
439 121
439 122
439 122
441 120
441 120
441 120
441 120
441 120
439 121
441 121
440 121
439 121
439 122
439 122
441 120
439 121
439 122
439 122
438 122
439 122
439 122
439 122
439 122
438 122
438 122
440 121
437 123
439 122
440 121
440 121
440 121
440 121
440 121
440 121
440 121
440 121
440 121
441 121
441 121
442 120
442 119
443 119
444 119
442 120
444 119
445 118
443 119
443 119
443 119
443 119
445 118
445 118
443 119
444 119
443 119
443 119
443 119
443 119
442 120
444 119
442 120
442 120
443 119
442 120
442 120
443 119
443 119
441 120
441 120
441 121
440 121
441 120
442 120
441 120
441 120
441 121
440 121
442 120
442 120
441 121
441 120
440 121
441 120
440 121
441 121
441 120
441 120
441 121
440 121
440 121
441 120
441 120
440 121
441 121
439 121
440 121
438 122
439 121
438 122
439 121
439 121
439 121
439 121
440 121
439 121
439 121
440 121
440 121
440 121
440 121
439 121
441 121
442 120
439 122
441 120
441 120
442 120
441 121
442 120
441 120
441 120
441 121
441 120
441 121
440 121
441 121
440 121
440 121
441 121
440 121
441 121
440 121
441 120
440 121
439 121
439 122
440 121
441 120
440 121
441 120
441 121
442 120
439 121
440 121
441 120
440 121
441 120
441 120
443 119
442 119
442 120
443 119
443 119
503 93
504 93
504 93
505 92
505 92
513 87
509 89
509 90
509 90
509 90
510 89
507 91
510 89
513 87
515 86
512 88
508 90
520 84
524 81
526 80
521 83
526 80
533 76
535 74
538 72
540 71
541 70
540 71
540 71
538 72
538 73
538 72
537 73
538 73
538 72
539 71
540 71
543 69
544 68
538 72
540 71
544 68
545 68
542 70
539 71
536 73
535 74
534 74
535 73
537 72
540 70
539 71
549 65
551 64
547 66
550 64
552 63
554 62
557 60
559 59
561 57
560 58
558 59
555 60
555 61
554 61
554 61
554 61
554 61
554 60
554 60
554 60
555 60
555 60
555 60
555 59
555 59
555 59
556 59
556 59
556 59
556 58
556 58
556 58
557 58
557 58
557 58
557 57
557 57
557 57
558 57
558 57
558 57
558 56
558 56
559 56
559 56
559 56
559 56
559 55
559 55
560 55
560 55
560 55
560 55
560 54
561 54
563 53
565 51
567 50
569 49
572 47
569 49
566 51
561 53
563 52
565 51
567 50
569 49
571 47
573 46
575 45
577 44
577 44
577 44
577 44
577 44
577 44
577 44
577 44
576 44
576 44
576 44
576 44
576 44
576 44
576 44
576 44
576 44
576 44
578 43
579 42
581 41
582 39
583 39
583 39
583 39
583 39
584 39
584 38
584 38
584 38
585 38
585 38
585 38
585 37
586 37
586 37
586 37
587 36
588 36
589 35
590 34
591 34
592 33
593 33
592 33
591 34
590 34
590 34
589 34
589 34
589 35
588 35
589 35
589 34
590 33
591 33
593 32
594 31
595 30
597 29
597 29
597 29
597 29
597 29
596 29
596 29
596 29
596 29
596 29
596 30
596 30
596 30
595 30
597 28
600 27
602 25
601 26
600 27
597 28
595 29
595 29
594 30
595 29
596 28
597 28
598 27
599 26
600 26
602 24
602 24
602 24
602 24
602 24
601 25
602 24
601 25
598 27
601 25
599 26
600 26
601 25
602 24
601 25
603 24
604 23
606 22
605 23
608 21
607 21
609 20
610 20
612 19
615 17
617 16
624 12
626 11
628 9
630 9
631 8
635 5
635 5
632 8
633 7
628 9
628 9
628 9
628 9
629 9
629 9
630 8
630 9
632 7
633 7
633 7
636 5
637 5
640 3
641 2
642 2
643 1
646 0
649 -1
651 -3
655 -5
659 -7
660 -8
661 -8
662 -9
661 -8
660 -8
661 -8
663 -10
661 -8
662 -9
662 -9
664 -10
666 -11
668 -12
670 -14
672 -15
671 -14
674 -16
674 -16
674 -16
674 -16
672 -14
673 -15
672 -15
673 -15
674 -16
675 -16
676 -17
677 -17
678 -18
675 -16
677 -17
679 -19
679 -19
685 -22
682 -21
687 -23
689 -24
694 -27
699 -30
707 -35
718 -42
724 -45
723 -45
726 -47
726 -47
721 -43
721 -43
722 -44
718 -42
722 -44
718 -42
718 -42
714 -40
713 -39
709 -37
705 -34
706 -35
704 -33
704 -34
703 -33
704 -34
708 -36
708 -36
709 -37
710 -38
709 -37
710 -38
712 -39
711 -38
711 -38
708 -36
707 -36
706 -35
707 -36
704 -34
708 -37
711 -39
708 -37
716 -42
712 -39
713 -40
718 -43
714 -40
719 -44
720 -44
716 -42
710 -38
716 -42
708 -37
708 -37
708 -37
709 -38
707 -36
714 -41
714 -41
719 -44
719 -44
716 -42
717 -43
719 -44
721 -45
716 -42
717 -43
718 -44
711 -39
709 -38
708 -38
716 -42
709 -39
707 -37
704 -36
706 -37
708 -38
710 -40
709 -39
707 -38
705 -37
708 -39
706 -37
703 -35
697 -32
699 -33
699 -33
699 -33
697 -32
697 -32
696 -32
697 -32
699 -34
698 -33
697 -33
702 -36
703 -36
702 -36
700 -35
702 -36
699 -34
698 -34
698 -34
703 -36
703 -36
702 -36
705 -38
704 -37
704 -37
706 -38
705 -38
704 -37
708 -40
709 -40
709 -41
710 -41
711 -42
713 -43
713 -43
712 -43
711 -42
709 -41
712 -42
712 -42
712 -43
711 -42
713 -43
715 -44
713 -43
707 -40
712 -43
713 -43
710 -42
713 -44
713 -44
712 -43
714 -44
714 -44
713 -43
712 -43
713 -43
711 -42
712 -43
715 -45
715 -45
713 -44
720 -49
712 -44
716 -46
720 -49
721 -49
721 -48
725 -52
718 -47
724 -52
716 -45
718 -47
722 -49
723 -50
727 -53
722 -49
725 -51
726 -52
724 -51
725 -51
725 -52
730 -54
732 -56
733 -56
740 -62
733 -56
732 -56
733 -57
734 -57
734 -58
730 -55
733 -57
733 -57
733 -57
733 -57
733 -57
733 -57
733 -57
733 -57
733 -57
733 -57
733 -57
733 -57
733 -57
733 -57
733 -57
733 -57
734 -58
734 -58
734 -58
734 -58
734 -58
734 -58
734 -58
734 -58
734 -58
734 -58
735 -58
735 -58
735 -58
735 -59
735 -59
735 -59
735 -59
736 -59
736 -59
736 -59
736 -59
736 -59
736 -59
736 -59
737 -59
737 -60
737 -60
737 -60
737 -60
737 -60
737 -60
738 -60
738 -60
738 -60
738 -60
738 -60
738 -61
738 -61
738 -61
739 -61
739 -61
738 -61
739 -61
740 -62
741 -62
740 -62
741 -62
739 -61
737 -60
735 -59
735 -59
736 -59
736 -60
736 -60
736 -60
737 -60
737 -60
737 -61
737 -61
738 -61
738 -61
738 -61
738 -62
738 -62
739 -62
739 -62
739 -62
739 -63
739 -62
738 -62
738 -62
737 -61
736 -61
736 -61
737 -61
735 -60
735 -60
736 -61
735 -61
738 -62
740 -64
742 -65
743 -65
744 -66
744 -66
377 173
378 173
378 172
379 171
380 171
381 170
382 170
383 169
381 170
381 170
381 170
383 169
381 170
382 169
383 169
386 167
385 168
387 167
389 166
391 165
392 164
393 164
393 164
392 164
394 163
395 163
395 162
396 162
398 161
396 162
398 161
398 161
398 161
399 161
399 161
398 161
399 161
399 160
400 160
401 159
400 159
401 159
401 159
402 159
402 158
403 158
403 158
403 158
404 157
404 157
405 157
405 157
405 157
405 157
406 156
409 155
410 155
411 154
411 154
412 154
412 153
413 153
414 153
414 153
415 152
416 152
416 152
416 152
416 152
416 152
416 152
415 152
415 152
415 152
415 152
415 152
415 152
415 152
415 152
415 152
415 152
415 152
416 152
416 152
416 152
416 152
416 152
416 152
416 152
416 152
416 152
416 152
416 152
416 152
416 152
416 152
416 152
416 152
416 152
416 152
416 152
416 152
416 152
416 152
416 152
416 152
416 152
416 152
416 152
416 152
416 152
416 152
416 152
416 152
416 152
415 152
415 152
415 152
415 152
415 152
415 152
415 153
416 152
416 152
416 152
416 152
415 152
415 152
415 152
415 152
414 153
414 153
414 153
414 153
413 153
413 153
413 154
413 154
412 154
412 154
412 154
412 154
412 154
413 154
413 153
413 153
414 153
414 153
414 153
415 152
415 152
415 152
416 152
416 152
417 151
415 152
415 152
416 152
416 152
416 151
417 151
417 151
412 154
415 152
418 151
418 151
418 151
418 151
418 151
418 151
418 150
420 149
420 149
420 149
421 149
421 149
421 149
421 149
421 149
422 148
422 148
422 148
422 148
423 148
423 148
423 148
423 148
423 147
424 147
424 147
424 147
424 147
424 147
425 147
425 146
425 146
425 146
425 146
426 146
426 146
426 146
426 145
427 145
427 145
427 145
427 145
427 145
428 145
428 144
428 144
428 144
428 144
429 144
429 144
429 144
429 144
430 143
430 143
430 143
430 143
430 143
431 143
431 143
431 142
431 142
432 142
432 142
432 142
507 77
507 77
507 76
507 76
507 76
507 76
507 76
507 76
507 76
507 76
507 76
507 76
507 76
507 76
507 76
507 76
507 76
507 76
507 76
507 76
507 76
507 76
507 76
507 76
507 76
507 76
507 76
507 76
507 76
507 76
507 76
507 76
507 76
507 76
507 76
507 76
507 76
507 76
508 76
508 76
508 76
508 76
508 76
508 76
508 75
508 75
508 75
508 75
508 75
508 75
508 75
508 75
508 75
508 75
508 75
508 75
508 75
508 75
508 75
508 75
508 75
508 75
508 75
508 75
508 75
508 75
508 75
508 75
508 75
508 75
508 75
508 75
508 75
508 75
508 75
508 75
508 75
508 75
508 75
508 75
508 75
508 75
508 75
508 75
508 75
508 74
508 74
508 74
508 74
508 74
508 74
508 74
508 74
508 74
508 74
508 74
508 74
508 74
508 74
508 74
508 74
460 133
459 133
459 133
459 133
459 133
459 133
459 133
459 134
458 134
458 134
458 134
458 134
458 134
459 133
459 133
459 133
459 133
459 133
459 133
459 133
459 133
459 133
459 134
459 134
458 134
458 134
457 135
457 135
456 135
456 135
457 135
457 134
457 134
457 134
457 134
458 134
458 134
458 134
460 133
459 133
459 133
459 133
459 133
459 133
459 133
459 133
460 133
460 133
460 133
460 133
460 132
460 132
460 132
460 132
461 132
461 132
461 132
461 132
461 132
461 132
461 131
461 131
462 131
461 131
461 131
468 128
467 129
465 129
464 130
464 130
468 128
465 130
464 130
466 129
463 130
464 130
463 131
464 130
464 130
465 129
466 129
467 128
466 129
462 131
463 130
464 130
468 128
471 127
472 126
467 128
463 130
470 127
470 127
470 127
470 127
470 127
469 128
468 128
467 129
466 129
465 130
464 130
464 130
463 131
463 130
465 129
467 128
462 131
462 131
460 132
466 129
463 130
463 131
465 129
466 129
469 128
472 126
475 124
477 124
478 123
479 122
480 122
482 121
483 120
485 119
486 119
486 119
486 119
486 119
486 119
486 119
486 119
485 119
485 119
485 119
485 119
485 119
485 119
485 119
485 119
485 119
484 119
484 119
484 119
484 119
484 119
484 120
484 120
484 120
484 120
483 120
484 119
485 119
486 118
487 118
487 118
488 117
489 117
490 116
486 119
482 121
486 118
485 119
484 119
483 120
483 120
482 121
482 121
481 121
481 121
481 122
480 122
480 122
480 122
480 122
480 122
480 122
480 122
480 122
480 122
480 122
480 122
480 122
480 122
480 122
480 122
480 122
480 122
480 122
480 122
480 122
480 122
480 122
480 122
480 122
480 122
480 122
480 122
480 122
480 122
480 122
480 122
480 122
480 122
480 122
480 122
480 122
480 122
480 122
480 122
480 122
480 122
480 122
480 122
480 122
480 122
480 122
480 122
480 122
480 122
480 122
480 122
480 122
480 122
480 122
480 122
480 122
480 122
480 122
480 122
480 122
480 122
480 122
480 122
480 122
480 122
480 122
480 122
480 122
480 122
480 122
480 122
480 122
480 122
480 122
480 122
480 122
480 122
480 122
480 122
480 122
480 122
479 122
479 122
479 122
479 122
479 122
479 122
479 122
479 122
479 122
479 122
479 122
479 122
479 122
479 122
479 122
479 122
479 122
479 122
479 122
479 122
348 190
348 190
347 190
347 190
346 191
346 191
347 191
347 190
347 190
346 191
348 190
348 190
348 190
348 190
348 190
347 190
348 190
348 190
348 190
348 190
348 190
349 190
348 190
349 190
348 190
348 190
348 190
349 190
348 190
348 190
348 190
348 190
350 189
349 189
348 190
350 189
350 189
349 190
350 189
348 190
348 190
348 190
349 189
350 189
350 189
349 189
350 189
349 189
348 190
348 190
349 190
348 190
348 190
349 189
349 189
348 190
348 190
347 190
347 190
349 189
349 189
347 190
347 191
347 191
347 191
347 191
349 190
348 190
347 191
347 190
348 190
348 190
348 190
350 189
349 190
347 190
347 190
349 190
347 191
349 190
348 190
348 190
347 191
348 190
349 190
346 191
348 190
348 190
347 191
347 191
346 191
348 190
348 190
351 188
351 188
353 187
352 188
352 188
354 187
353 187
353 187
353 187
349 190
351 188
349 190
350 189
349 189
350 189
348 190
348 190
348 190
351 188
351 188
350 189
350 189
351 188
351 188
349 189
351 188
351 188
351 188
350 189
350 189
353 187
351 188
353 187
354 187
353 187
354 187
354 186
355 186
357 185
355 186
354 187
358 184
358 184
361 183
357 185
358 184
357 185
356 186
477 123
478 123
479 122
480 122
481 121
482 121
483 120
483 120
483 120
483 120
483 120
482 120
482 120
482 120
482 120
482 121
482 121
482 121
481 121
481 121
481 121
481 121
481 121
481 121
481 121
480 121
480 121
480 121
480 121
480 122
480 122
480 122
479 122
479 122
479 122
479 122
479 122
479 122
479 122
478 122
478 122
478 122
478 123
478 123
478 123
478 123
477 123
477 123
477 123
477 123
477 123
477 123
477 123
476 123
476 123
476 124
476 124
476 124
476 124
476 124
475 124
475 124
475 124
475 124
475 124
475 124
475 124
474 124
474 124
474 125
474 125
474 125
474 125
474 125
473 125
472 125
471 126
470 127
470 127
469 127
468 128
468 128
467 128
467 128
466 129
465 129
465 129
464 130
465 130
465 130
465 129
465 129
466 129
466 129
466 129
466 129
467 129
467 128
467 128
467 128
468 128
469 127
469 127
470 127
470 127
470 127
470 127
471 126
473 125
473 125
473 125
473 125
473 125
474 125
474 125
474 125
474 124
474 124
474 124
474 124
474 124
475 124
475 124
475 124
475 124
475 124
475 124
475 124
475 124
475 124
476 124
476 123
476 123
476 123
476 123
476 123
476 123
476 123
477 123
477 123
477 123
477 123
477 123
477 123
477 123
477 123
478 122
478 122
478 122
478 122
478 122
478 122
478 122
478 122
479 122
479 122
479 122
485 118
482 120
479 121
476 123
479 122
480 121
481 120
482 120
483 119
477 123
483 119
478 122
476 123
478 122
478 122
477 122
477 123
477 123
477 123
477 123
477 122
477 122
477 122
477 122
477 122
478 122
478 122
478 122
478 122
478 122
478 122
478 122
478 122
478 122
478 122
480 121
482 120
482 120
477 123
479 121
481 120
480 121
478 122
476 123
474 124
476 123
477 123
478 122
479 121
480 121
479 121
480 121
480 121
480 121
476 123
474 124
474 124
476 123
477 122
476 123
474 124
473 125
471 126
472 125
473 125
473 124
474 124
473 125
473 125
472 125
471 126
470 126
469 127
468 127
468 128
467 128
467 128
467 128
466 128
469 127
472 125
471 126
471 126
470 126
469 127
466 128
467 128
469 127
470 126
471 126
472 125
472 125
471 126
470 126
471 126
471 126
470 126
468 127
464 129
473 125
465 129
465 129
464 129
462 130
505 83
505 83
505 83
505 82
505 82
505 82
505 82
505 82
504 82
504 82
504 82
504 82
504 82
504 82
504 82
504 82
504 82
504 82
504 82
504 82
504 82
504 82
504 82
504 82
504 82
504 82
504 82
504 83
504 83
504 83
504 83
504 83
504 83
504 83
503 83
503 83
503 83
503 83
503 83
503 83
503 83
503 83
503 83
503 83
503 83
503 83
502 83
502 83
502 83
502 83
502 83
502 83
502 83
502 83
502 83
502 83
502 83
502 83
501 83
501 83
501 83
501 83
501 83
501 83
501 84
501 84
501 84
501 84
501 84
501 84
500 84
500 84
500 84
500 84
500 84
500 84
500 84
500 84
500 84
500 84
500 84
500 84
499 84
499 84
499 84
499 84
499 84
499 84
499 84
499 84
499 84
499 84
499 84
498 84
498 84
498 84
498 84
498 84
498 84
498 84
498 84
498 85
498 85
498 85
498 85
498 85
498 85
497 85
497 85
497 85
497 85
497 85
497 85
497 85
497 85
497 85
497 85
497 85
497 85
497 85
497 85
497 85
497 85
497 85
497 85
497 85
497 85
497 85
497 85
497 85
497 85
497 85
497 85
496 85
496 85
496 85
496 85
496 85
496 85
496 85
496 85
496 86
496 86
496 86
496 86
496 86
496 86
496 86
496 86
496 86
496 86
496 86
496 86
496 86
496 86
496 86
496 86
496 86
496 86
495 86
495 86
495 86
495 86
495 86
495 86
495 86
495 86
495 86
495 86
557 42
557 42
556 42
555 42
555 43
554 43
554 43
554 43
554 43
554 43
554 43
554 43
554 43
554 43
554 43
554 43
554 43
554 43
554 43
554 43
555 42
555 42
556 42
556 41
557 41
557 41
558 40
558 40
558 40
559 40
559 39
560 39
560 39
561 38
561 38
562 38
562 37
562 37
563 37
563 36
564 36
564 36
565 35
565 35
566 35
566 35
566 34
567 34
567 34
568 33
568 33
569 33
569 32
570 32
570 32
571 31
571 31
572 31
572 30
573 30
573 30
574 29
574 29
574 29
575 28
575 28
576 28
576 27
577 27
577 27
578 26
578 26
579 26
579 25
580 25
580 25
581 24
581 24
582 24
582 23
583 23
583 23
584 22
584 22
585 22
585 21
586 21
586 20
587 20
587 20
588 19
588 19
589 19
589 18
590 18
590 18
591 17
591 17
592 17
592 16
593 16
593 15
594 15
595 15
595 14
596 14
596 14
597 13
597 13
598 13
598 12
599 12
606 8
606 7
607 7
608 6
609 6
608 -3
608 -4
608 -4
608 -4
609 -4
609 -4
609 -4
610 -5
610 -5
610 -5
610 -5
611 -5
611 -5
611 -5
611 -6
612 -6
612 -6
612 -6
612 -6
613 -6
613 -7
613 -7
613 -7
614 -7
614 -7
614 -7
615 -7
615 -8
615 -8
615 -8
616 -8
616 -8
616 -8
616 -9
617 -9
617 -9
617 -9
617 -9
618 -9
618 -9
618 -10
618 -10
619 -10
619 -10
619 -10
620 -10
620 -11
620 -11
620 -11
621 -11
621 -11
621 -11
621 -12
622 -12
622 -12
622 -12
623 -12
623 -12
623 -12
623 -13
624 -13
624 -13
624 -13
624 -13
625 -13
625 -14
625 -14
626 -14
626 -14
626 -14
626 -14
627 -15
627 -15
627 -15
627 -15
628 -15
628 -15
628 -16
629 -16
629 -16
629 -16
629 -16
630 -16
630 -17
630 -17
630 -17
631 -17
631 -17
631 -17
632 -17
632 -18
632 -18
632 -18
633 -18
633 -18
636 -20
639 -22
641 -24
644 -25
647 -27
650 -29
653 -31
656 -33
659 -35
662 -36
665 -38
668 -40
672 -42
675 -44
678 -46
681 -48
684 -50
685 -50
685 -50
685 -50
685 -50
685 -51
685 -51
685 -51
685 -51
685 -51
685 -51
685 -51
685 -51
686 -51
686 -52
686 -52
686 -52
686 -52
686 -52
686 -52
686 -52
686 -52
686 -53
686 -53
687 -53
687 -53
687 -53
687 -53
687 -53
687 -53
687 -53
687 -54
687 -54
687 -54
687 -54
688 -54
688 -54
688 -54
688 -54
687 -53
688 -54
687 -54
689 -55
689 -55
685 -52
688 -54
686 -53
685 -52
684 -52
686 -53
684 -52
687 -54
685 -52
687 -54
686 -53
687 -54
689 -55
689 -55
688 -54
689 -55
688 -54
686 -53
686 -53
686 -53
684 -52
683 -51
682 -51
681 -50
679 -48
678 -48
678 -48
676 -46
677 -47
675 -46
673 -44
672 -44
671 -43
670 -42
668 -42
667 -41
666 -40
665 -39
664 -39
663 -38
664 -39
665 -40
664 -39
662 -38
661 -37
663 -38
668 -41
666 -41
667 -41
668 -42
670 -43
672 -44
673 -45
675 -46
691 -41
691 -41
691 -41
691 -41
689 -39
687 -38
685 -37
684 -36
682 -35
680 -34
678 -33
679 -33
680 -34
681 -35
682 -35
683 -36
684 -36
684 -37
685 -37
685 -37
685 -37
686 -38
686 -38
687 -38
687 -39
688 -39
688 -39
689 -40
689 -40
690 -40
690 -40
691 -41
691 -41
692 -41
692 -42
693 -42
693 -42
694 -43
694 -43
695 -43
695 -43
696 -44
695 -44
695 -43
695 -43
695 -44
696 -44
697 -45
698 -45
698 -45
698 -45
698 -45
699 -46
699 -46
700 -46
700 -47
700 -47
701 -47
701 -47
702 -48
702 -48
703 -48
703 -48
703 -49
704 -49
704 -49
705 -50
705 -50
706 -50
706 -50
707 -51
707 -51
707 -51
708 -51
708 -52
709 -52
709 -52
710 -53
710 -53
711 -53
711 -53
711 -54
712 -54
712 -54
713 -54
713 -55
714 -55
714 -55
715 -56
715 -56
715 -56
716 -56
716 -57
716 -56
715 -56
715 -56
714 -55
714 -55
713 -54
713 -54
712 -54
711 -53
700 -42
700 -42
699 -41
697 -40
696 -39
694 -38
692 -37
690 -36
688 -35
686 -34
685 -33
683 -32
683 -31
682 -31
684 -32
686 -33
688 -34
689 -35
690 -36
689 -35
690 -36
689 -35
688 -34
687 -34
689 -35
690 -36
692 -37
695 -39
698 -40
700 -42
703 -44
704 -45
705 -45
706 -46
706 -46
707 -46
708 -47
708 -47
709 -48
710 -48
710 -48
710 -48
709 -48
709 -48
710 -48
710 -48
710 -48
710 -48
711 -49
712 -49
713 -50
713 -50
714 -51
715 -51
715 -51
716 -52
717 -52
718 -53
717 -52
718 -53
719 -53
720 -54
722 -55
725 -57
728 -59
732 -61
735 -63
739 -65
742 -67
742 -67
743 -67
743 -67
743 -68
744 -68
744 -68
744 -68
744 -68
745 -68
745 -69
745 -69
746 -69
746 -69
746 -69
746 -69
747 -70
747 -70
747 -70
747 -70
747 -70
747 -70
747 -70
747 -70
747 -69
747 -69
747 -69
746 -69
746 -69
746 -69
750 -71
750 -71
749 -71
749 -71
749 -71
748 -70
748 -70
747 -70
747 -69
746 -69
745 -69
745 -68
744 -68
744 -67
744 -67
743 -67
743 -67
743 -67
742 -67
742 -67
742 -67
742 -67
742 -67
743 -67
743 -67
744 -68
743 -67
742 -67
744 -68
745 -68
745 -69
744 -68
744 -68
745 -68
745 -69
742 -67
741 -66
741 -66
742 -67
739 -65
739 -65
739 -65
740 -65
736 -63
734 -63
737 -64
735 -63
733 -62
732 -62
732 -61
732 -61
731 -61
730 -60
728 -59
727 -59
727 -59
725 -58
724 -57
724 -57
724 -57
726 -58
722 -56
722 -56
724 -57
723 -57
722 -56
725 -58
724 -57
727 -58
726 -58
726 -58
725 -57
726 -58
726 -58
726 -58
726 -58
730 -60
730 -60
730 -60
730 -60
733 -62
729 -60
727 -58
727 -58
726 -57
728 -59
728 -59
727 -58
731 -60
731 -61
734 -62
737 -65
732 -61
734 -63
734 -63
734 -63
734 -62
731 -60
736 -64
737 -64
738 -65
738 -65
736 -63
737 -64
737 -64
736 -63
734 -62
733 -61
733 -61
735 -63
735 -62
734 -61
732 -60
738 -64
736 -63
735 -62
736 -63
736 -63
737 -63
736 -62
737 -63
738 -64
739 -64
740 -65
741 -66
743 -67
743 -67
744 -67
744 -68
747 -70
747 -69
746 -69
745 -68
746 -69
749 -71
751 -72
754 -74
756 -75
758 -77
751 -72
755 -75
759 -78
635 -3
636 -3
639 -5
639 -5
639 -5
641 -6
642 -7
642 -7
644 -8
642 -7
640 -6
643 -8
644 -8
645 -9
643 -8
643 -8
641 -6
639 -5
645 -9
645 -9
643 -8
641 -6
646 -9
643 -8
641 -6
658 -16
646 -10
641 -6
643 -7
645 -9
644 -8
643 -8
642 -7
640 -6
639 -5
646 -9
654 -14
656 -15
659 -17
659 -17
661 -18
668 -22
674 -26
681 -30
687 -34
689 -35
688 -35
688 -34
687 -34
688 -35
680 -29
680 -30
677 -28
674 -26
674 -26
670 -23
667 -22
669 -23
667 -22
666 -21
663 -19
668 -22
664 -20
669 -23
670 -24
673 -26
674 -26
675 -27
676 -27
677 -28
677 -28
677 -28
677 -28
677 -28
676 -27
677 -28
677 -28
678 -29
679 -29
675 -26
675 -26
674 -26
677 -27
679 -29
679 -29
678 -28
678 -28
676 -27
675 -26
673 -25
672 -24
674 -26
671 -24
671 -24
674 -25
672 -25
671 -24
669 -23
668 -22
666 -21
665 -20
665 -20
665 -20
665 -20
665 -20
665 -20
665 -20
665 -20
665 -20
664 -20
664 -20
664 -20
667 -22
667 -21
667 -21
666 -21
666 -21
666 -21
662 -19
658 -16
655 -14
654 -14
653 -13
652 -12
656 -15
653 -13
650 -12
647 -10
647 -10
647 -10
647 -10
647 -10
647 -9
647 -9
647 -9
646 -9
646 -9
646 -9
646 -9
646 -9
646 -9
646 -9
647 -9
647 -9
647 -9
647 -10
648 -10
648 -10
648 -10
649 -10
649 -11
649 -11
650 -11
650 -11
650 -11
651 -12
651 -12
651 -12
652 -12
652 -12
652 -13
653 -13
653 -13
653 -13
654 -13
654 -13
654 -14
655 -14
655 -14
655 -14
656 -14
656 -14
655 -14
655 -14
654 -14
654 -13
654 -13
653 -13
653 -13
652 -12
652 -12
652 -12
651 -11
654 -13
657 -14
659 -15
662 -17
665 -18
665 -18
665 -18
665 -18
665 -18
665 -18
666 -19
666 -19
666 -19
666 -19
666 -19
666 -19
667 -19
667 -19
667 -19
667 -20
667 -20
667 -20
667 -20
668 -20
668 -20
668 -20
668 -20
668 -20
668 -21
668 -21
669 -21
669 -21
669 -21
669 -21
669 -21
671 -23
672 -23
671 -23
671 -22
670 -22
668 -21
667 -20
665 -19
662 -15
664 -18
663 -17
664 -18
663 -18
664 -18
664 -18
664 -18
664 -18
664 -18
665 -18
665 -19
665 -19
665 -19
666 -19
662 -17
664 -17
665 -17
667 -18
666 -17
666 -17
665 -17
664 -16
664 -16
663 -16
663 -15
662 -15
662 -15
661 -14
661 -14
660 -14
659 -13
659 -13
658 -13
658 -12
657 -12
657 -12
656 -11
656 -11
655 -11
654 -10
654 -10
653 -10
653 -9
652 -9
652 -9
651 -8
651 -8
650 -8
650 -7
646 -5
582 9
582 9
582 9
582 9
582 9
582 8
582 8
585 6
585 6
585 6
585 6
585 7
586 5
585 6
585 6
585 6
585 7
584 7
583 8
583 8
582 8
583 8
583 7
583 7
584 7
584 7
584 7
584 7
584 7
584 7
585 6
586 6
584 7
584 7
584 7
584 7
584 7
584 7
583 7
584 7
583 8
582 8
583 7
582 8
581 8
581 9
581 9
580 9
578 11
577 12
575 13
573 15
572 17
571 17
570 16
570 16
570 16
569 17
568 17
568 17
568 17
569 17
570 16
571 15
570 16
572 14
573 15
574 15
575 15
574 14
573 14
576 13
578 13
577 13
577 13
577 14
580 10
580 10
580 10
581 10
581 10
581 9
582 9
582 9
583 9
583 9
584 8
584 8
585 8
585 8
586 8
586 7
586 7
587 7
587 7
588 7
588 7
589 6
589 6
590 6
590 6
590 6
591 5
591 5
592 5
592 5
593 5
593 4
594 4
594 4
595 4
595 4
595 4
596 3
596 3
597 3
598 2
599 1
599 1
600 0
601 0
602 0
602 -1
603 -2
604 -2
605 -3
605 -4
605 -3
605 -4
605 -4
605 -3
606 -4
607 -5
609 -6
609 -6
611 -7
611 -7
612 -8
614 -9
613 -8
613 -8
613 -8
614 -9
612 -8
613 -8
615 -10
616 -10
616 -10
616 -10
617 -11
618 -11
618 -11
617 -11
618 -11
619 -12
620 -13
622 -14
621 -13
620 -12
619 -12
618 -11
617 -10
616 -10
617 -10
617 -11
618 -11
618 -11
618 -11
618 -11
618 -11
617 -10
618 -11
617 -11
618 -11
619 -12
619 -12
620 -12
620 -13
621 -13
620 -12
620 -12
620 -12
618 -11
620 -12
620 -12
620 -13
621 -13
621 -13
622 -13
622 -14
622 -14
623 -14
621 -13
620 -12
620 -12
620 -12
620 -12
623 -14
623 -14
623 -14
623 -14
624 -15
625 -16
625 -15
625 -15
624 -15
625 -15
625 -15
624 -15
625 -16
625 -15
624 -15
624 -14
624 -14
624 -14
624 -14
624 -14
624 -14
623 -14
624 -15
624 -15
624 -15
625 -15
625 -15
625 -15
625 -15
625 -16
625 -15
624 -14
625 -15
627 -16
628 -17
627 -16
626 -16
626 -16
626 -16
625 -15
627 -17
626 -16
627 -17
626 -16
627 -16
628 -17
628 -17
527 93
527 93
527 93
527 93
526 94
525 94
524 95
525 95
525 95
525 94
525 94
525 94
526 94
526 94
526 94
526 94
527 93
527 93
527 93
528 93
528 93
528 93
528 92
529 92
529 92
529 92
530 92
530 92
530 91
531 91
531 91
531 91
532 91
532 91
532 91
532 90
532 90
532 90
532 90
533 90
533 90
533 90
533 90
533 90
535 89
537 88
537 88
537 88
537 88
534 90
534 90
534 90
530 92
527 94
526 94
523 96
523 96
524 96
523 96
523 96
526 94
523 96
521 97
524 96
522 96
522 96
526 95
526 94
526 94
527 94
527 94
527 94
530 92
530 92
531 92
533 91
534 90
533 91
534 90
536 90
537 89
536 89
536 89
535 90
536 89
535 90
534 90
536 90
535 90
536 90
538 89
538 89
539 88
542 87
542 87
541 87
540 88
540 88
540 88
539 88
539 88
539 89
538 89
537 89
536 90
533 92
532 92
532 92
531 93
530 93
530 94
529 94
528 94
526 95
525 96
524 96
525 96
523 97
522 98
520 98
521 98
522 97
521 98
519 99
517 100
518 100
517 100
516 100
515 101
515 101
515 101
516 101
515 101
514 102
513 102
513 102
503 108
501 109
502 108
504 107
507 105
499 110
500 110
500 109
500 109
500 109
500 109
500 109
500 109
501 109
501 109
501 109
501 109
501 109
501 109
501 109
501 109
502 109
502 108
502 108
502 108
502 108
502 108
502 108
500 109
499 110
499 110
497 111
494 112
494 113
494 113
493 113
493 113
491 114
489 115
490 114
489 115
487 116
486 117
487 116
487 116
485 117
484 118
483 118
482 119
482 119
482 119
483 118
480 120
479 120
478 121
479 120
478 121
478 121
477 121
478 121
479 120
