0 428

517 60
516 60
516 60
516 61
516 61
516 61
515 61
515 62
512 63
520 58
529 54
527 55
524 57
522 59
520 61
518 62
518 62
518 62
517 62
517 62
517 62
517 62
517 62
517 62
517 62
517 62
517 63
517 63
516 63
516 63
516 63
516 63
516 63
516 63
516 63
516 63
516 63
516 63
516 63
516 63
516 63
516 63
516 63
516 63
516 62
516 62
516 62
517 62
517 62
517 62
517 62
517 62
517 62
517 62
517 62
517 62
518 62
518 62
518 61
518 61
518 61
518 61
518 61
518 61
518 61
519 61
519 61
519 61
519 61
519 61
519 61
519 61
519 60
519 60
520 60
520 60
520 60
520 60
520 60
520 60
520 60
520 60
521 60
521 60
521 60
521 60
521 60
521 59
521 59
521 59
521 59
522 59
522 59
522 59
522 59
522 59
522 59
522 59
522 59
522 59
523 59
523 58
523 58
523 58
523 58
523 58
523 58
523 58
523 58
524 58
524 58
524 58
524 58
524 58
524 58
524 57
524 57
525 57
525 57
524 58
523 58
523 58
523 58
523 59
523 59
522 59
522 59
522 59
522 59
522 59
523 58
524 58
523 58
524 58
525 57
523 59
523 58
524 58
524 58
524 58
523 59
521 60
522 59
524 58
525 58
527 56
521 60
525 58
528 56
527 56
527 57
526 57
522 60
525 58
527 56
527 56
527 56
527 56
527 57
527 57
527 57
527 57
526 57
526 57
526 57
526 57
526 57
526 57
526 57
526 57
526 57
526 57
526 57
526 57
526 57
526 57
526 57
526 57
527 57
527 57
527 57
527 56
527 56
527 56
525 58
526 57
527 56
528 56
524 58
526 57
527 56
527 57
526 57
526 57
525 58
527 56
531 54
532 54
529 55
529 55
525 57
526 57
527 57
527 56
524 58
525 58
529 56
532 53
529 55
526 57
532 53
532 53
532 54
527 56
525 58
527 57
529 55
532 54
531 54
530 55
529 56
527 56
526 57
529 55
529 56
529 56
529 56
528 56
528 56
528 56
528 56
528 56
527 56
529 56
530 55
532 54
533 53
534 52
536 51
537 51
539 49
538 50
537 51
538 50
538 50
538 51
537 51
537 51
537 51
536 51
536 51
535 52
535 52
535 52
534 52
534 52
534 53
533 53
533 53
533 53
532 53
532 53
531 54
531 54
531 54
530 54
530 54
530 55
529 55
529 55
528 55
528 55
528 55
527 56
527 56
527 56
526 56
526 56
527 56
527 56
527 56
527 56
527 56
527 55
528 55
528 55
528 55
528 55
528 55
529 55
529 55
529 55
529 55
529 54
529 54
530 54
530 54
530 54
530 54
530 54
531 54
531 53
531 54
531 54
529 54
529 55
528 55
528 55
528 55
527 56
527 56
527 56
526 56
526 57
525 57
525 57
525 57
524 57
524 58
524 58
524 58
523 58
523 58
523 58
523 59
522 59
524 58
524 58
524 58
524 58
524 58
524 58
523 58
522 59
522 59
523 59
523 58
523 58
523 58
524 58
524 58
524 58
524 58
523 58
523 58
523 59
523 59
523 59
522 59
522 59
522 59
522 59
522 59
522 59
522 59
523 59
523 59
523 58
523 58
524 58
524 58
524 58
524 58
525 58
525 58
525 57
525 57
525 57
525 57
525 57
525 57
525 57
526 57
526 57
526 57
526 57
526 56
526 56
526 56
526 56
526 56
526 56
527 56
527 56
527 56
527 56
527 56
527 56
527 55
527 55
527 55
528 55
528 55
528 55
528 55
528 55
528 55
528 55
528 55
528 54
529 54
529 54
529 54
529 54
530 54
530 53
531 53
531 53
532 53
532 52
533 52
533 52
533 52
533 52
533 52
533 52
533 52
534 52
534 51
535 51
534 51
534 52
534 52
534 52
534 52
534 52
534 52
534 52