61 109

511 99
512 99
512 99
513 98
515 97
517 96
519 95
521 94
519 95
518 96
518 96
518 96
517 97
517 97
517 97
516 97
516 98
515 98
515 98
515 98
514 99
514 99
514 99
513 99
513 100
512 100
512 100
512 101
511 101
511 101
511 101
502 106
502 106
500 108
500 108
499 108
499 108
507 104
508 103
508 103
508 103
509 103
500 108
508 103
508 104
507 104
508 104
509 103
509 103
507 104
508 104
508 104
509 104
510 103
509 104
510 103
510 103
510 104
510 103
510 103
511 103
511 103
510 104
508 104
508 105
508 105
509 104
509 104
508 105
507 105
507 106
506 106
504 107
501 109
502 108
501 109
501 109
500 109
500 110
499 110
488 116
498 110
498 111
497 111
497 111
497 111
496 112
496 112
496 112
495 112
495 112
494 113
494 113
495 112
494 112
494 113
496 112
497 112
495 112
492 114
492 114
491 114
492 114
493 114
494 113
492 114
491 114
492 114
492 114
